/home/yuhaowang/anaconda3/envs/pathagent/lib/python3.9/site-packages/transformers/utils/generic.py:260: FutureWarning: `torch.utils._pytree._register_pytree_node` is deprecated. Please use `torch.utils._pytree.register_pytree_node` instead.
  torch.utils._pytree._register_pytree_node(
/home/yuhaowang/anaconda3/envs/pathagent/lib/python3.9/site-packages/transformers/utils/generic.py:260: FutureWarning: `torch.utils._pytree._register_pytree_node` is deprecated. Please use `torch.utils._pytree.register_pytree_node` instead.
  torch.utils._pytree._register_pytree_node(
/home/yuhaowang/anaconda3/envs/pathagent/lib/python3.9/site-packages/huggingface_hub/file_download.py:949: FutureWarning: `resume_download` is deprecated and will be removed in version 1.0.0. Downloads always resume when possible. If you want to force a new download, use `force_download=True`.
  warnings.warn(
===== Argument Configuration =====
model_path: /data/yuhaowang/cache/qllava_ckpt
model_base: None
device: cuda
conv_mode: None
temperature: 0.2
max_new_tokens: 512
load_8bit: False
load_4bit: True
debug: False
image_aspect_ratio: pad
image_dir: /data2/yuhaowang/processed_wsi/slidebench/patches_output
output_json: /data2/yuhaowang/processed_wsi/slidebench/desc/patches_descriptions2.json
slide_list: /data2/yuhaowang/processed_wsi/slidebench/split_name/slides_part2.txt
================================

Loading checkpoint shards:   0%|          | 0/2 [00:00<?, ?it/s]Loading checkpoint shards:  50%|█████     | 1/2 [00:15<00:15, 15.62s/it]Loading checkpoint shards: 100%|██████████| 2/2 [00:23<00:00, 10.79s/it]Loading checkpoint shards: 100%|██████████| 2/2 [00:23<00:00, 11.51s/it]
Some weights of the model checkpoint at /data/yuhaowang/cache/qllava_ckpt were not used when initializing LlavaLlamaForCausalLM: ['model.vision_tower.vision_tower.vision_model.encoder.layers.13.layer_norm1.bias', 'model.vision_tower.vision_tower.vision_model.encoder.layers.10.self_attn.v_proj.weight', 'model.vision_tower.vision_tower.vision_model.encoder.layers.21.self_attn.out_proj.bias', 'model.vision_tower.vision_tower.vision_model.encoder.layers.6.self_attn.out_proj.bias', 'model.vision_tower.vision_tower.vision_model.encoder.layers.8.mlp.fc2.bias', 'model.vision_tower.vision_tower.vision_model.encoder.layers.16.layer_norm1.bias', 'model.vision_tower.vision_tower.vision_model.encoder.layers.14.mlp.fc2.bias', 'model.vision_tower.vision_tower.vision_model.encoder.layers.9.layer_norm2.weight', 'model.vision_tower.vision_tower.vision_model.encoder.layers.23.mlp.fc2.bias', 'model.vision_tower.vision_tower.vision_model.encoder.layers.17.self_attn.k_proj.weight', 'model.vision_tower.vision_tower.vision_model.encoder.layers.21.layer_norm2.bias', 'model.vision_tower.vision_tower.vision_model.encoder.layers.17.self_attn.out_proj.weight', 'model.vision_tower.vision_tower.vision_model.encoder.layers.15.layer_norm1.bias', 'model.vision_tower.vision_tower.vision_model.encoder.layers.11.self_attn.out_proj.bias', 'model.vision_tower.vision_tower.vision_model.encoder.layers.1.layer_norm2.weight', 'model.vision_tower.vision_tower.vision_model.encoder.layers.2.mlp.fc1.weight', 'model.vision_tower.vision_tower.vision_model.encoder.layers.6.mlp.fc2.weight', 'model.vision_tower.vision_tower.vision_model.encoder.layers.5.self_attn.out_proj.weight', 'model.vision_tower.vision_tower.vision_model.encoder.layers.19.mlp.fc1.bias', 'model.vision_tower.vision_tower.vision_model.encoder.layers.4.layer_norm1.weight', 'model.vision_tower.vision_tower.vision_model.encoder.layers.8.self_attn.q_proj.weight', 'model.vision_tower.vision_tower.vision_model.encoder.layers.17.layer_norm1.bias', 'model.vision_tower.vision_tower.vision_model.encoder.layers.21.self_attn.out_proj.weight', 'model.vision_tower.vision_tower.vision_model.encoder.layers.12.layer_norm1.bias', 'model.vision_tower.vision_tower.vision_model.encoder.layers.10.mlp.fc2.weight', 'model.vision_tower.vision_tower.vision_model.encoder.layers.20.self_attn.out_proj.bias', 'model.vision_tower.vision_tower.vision_model.encoder.layers.17.mlp.fc1.bias', 'model.vision_tower.vision_tower.vision_model.encoder.layers.6.self_attn.q_proj.weight', 'model.vision_tower.vision_tower.vision_model.encoder.layers.14.mlp.fc1.weight', 'model.vision_tower.vision_tower.vision_model.encoder.layers.0.self_attn.out_proj.bias', 'model.vision_tower.vision_tower.vision_model.encoder.layers.2.self_attn.out_proj.weight', 'model.vision_tower.vision_tower.vision_model.encoder.layers.20.self_attn.q_proj.bias', 'model.vision_tower.vision_tower.vision_model.encoder.layers.14.layer_norm1.bias', 'model.vision_tower.vision_tower.vision_model.encoder.layers.16.self_attn.k_proj.bias', 'model.vision_tower.vision_tower.vision_model.encoder.layers.14.self_attn.out_proj.bias', 'model.vision_tower.vision_tower.vision_model.encoder.layers.18.layer_norm2.weight', 'model.vision_tower.vision_tower.vision_model.encoder.layers.5.self_attn.q_proj.bias', 'model.vision_tower.vision_tower.vision_model.encoder.layers.17.layer_norm2.weight', 'model.vision_tower.vision_tower.vision_model.encoder.layers.10.layer_norm2.weight', 'model.vision_tower.vision_tower.vision_model.encoder.layers.2.self_attn.q_proj.bias', 'model.vision_tower.vision_tower.vision_model.encoder.layers.13.layer_norm2.bias', 'model.vision_tower.vision_tower.vision_model.encoder.layers.1.self_attn.v_proj.weight', 'model.vision_tower.vision_tower.vision_model.encoder.layers.22.mlp.fc2.bias', 'model.vision_tower.vision_tower.vision_model.encoder.layers.22.layer_norm1.weight', 'model.vision_tower.vision_tower.vision_model.encoder.layers.11.layer_norm2.weight', 'model.vision_tower.vision_tower.vision_model.encoder.layers.11.layer_norm2.bias', 'model.vision_tower.vision_tower.vision_model.encoder.layers.7.layer_norm2.bias', 'model.vision_tower.vision_tower.vision_model.encoder.layers.16.mlp.fc1.weight', 'model.vision_tower.vision_tower.vision_model.encoder.layers.7.layer_norm2.weight', 'model.vision_tower.vision_tower.vision_model.encoder.layers.19.layer_norm1.weight', 'model.vision_tower.vision_tower.vision_model.encoder.layers.8.layer_norm2.bias', 'model.vision_tower.vision_tower.vision_model.encoder.layers.14.self_attn.k_proj.bias', 'model.vision_tower.vision_tower.vision_model.encoder.layers.0.self_attn.k_proj.bias', 'model.vision_tower.vision_tower.vision_model.pre_layrnorm.weight', 'model.vision_tower.vision_tower.vision_model.encoder.layers.20.layer_norm1.weight', 'model.vision_tower.vision_tower.vision_model.encoder.layers.1.self_attn.out_proj.weight', 'model.vision_tower.vision_tower.vision_model.encoder.layers.4.self_attn.q_proj.weight', 'model.vision_tower.vision_tower.vision_model.encoder.layers.4.layer_norm2.bias', 'model.vision_tower.vision_tower.vision_model.encoder.layers.13.layer_norm2.weight', 'model.vision_tower.vision_tower.vision_model.encoder.layers.23.mlp.fc1.weight', 'model.vision_tower.vision_tower.vision_model.encoder.layers.1.mlp.fc1.bias', 'model.vision_tower.vision_tower.vision_model.encoder.layers.21.self_attn.q_proj.weight', 'model.vision_tower.vision_tower.vision_model.encoder.layers.20.mlp.fc1.bias', 'model.vision_tower.vision_tower.vision_model.encoder.layers.1.self_attn.k_proj.weight', 'model.vision_tower.vision_tower.vision_model.encoder.layers.18.layer_norm2.bias', 'model.vision_tower.vision_tower.vision_model.encoder.layers.13.mlp.fc1.weight', 'model.vision_tower.vision_tower.vision_model.encoder.layers.3.self_attn.q_proj.bias', 'model.vision_tower.vision_tower.vision_model.encoder.layers.0.self_attn.q_proj.bias', 'model.vision_tower.vision_tower.vision_model.encoder.layers.0.layer_norm1.bias', 'model.vision_tower.vision_tower.vision_model.encoder.layers.20.layer_norm1.bias', 'model.vision_tower.vision_tower.vision_model.encoder.layers.10.self_attn.out_proj.weight', 'model.vision_tower.vision_tower.vision_model.encoder.layers.7.self_attn.k_proj.weight', 'model.vision_tower.vision_tower.vision_model.encoder.layers.6.mlp.fc2.bias', 'model.vision_tower.vision_tower.vision_model.encoder.layers.6.self_attn.q_proj.bias', 'model.vision_tower.vision_tower.vision_model.encoder.layers.11.self_attn.out_proj.weight', 'model.vision_tower.vision_tower.vision_model.encoder.layers.22.self_attn.k_proj.bias', 'model.vision_tower.vision_tower.vision_model.encoder.layers.18.layer_norm1.bias', 'model.vision_tower.vision_tower.vision_model.encoder.layers.21.mlp.fc2.weight', 'model.vision_tower.vision_tower.vision_model.encoder.layers.5.self_attn.v_proj.bias', 'model.vision_tower.vision_tower.vision_model.encoder.layers.19.self_attn.q_proj.bias', 'model.vision_tower.vision_tower.vision_model.encoder.layers.18.self_attn.k_proj.weight', 'model.vision_tower.vision_tower.vision_model.encoder.layers.16.layer_norm2.weight', 'model.vision_tower.vision_tower.vision_model.encoder.layers.3.self_attn.v_proj.weight', 'model.vision_tower.vision_tower.vision_model.encoder.layers.2.mlp.fc2.bias', 'model.vision_tower.vision_tower.vision_model.encoder.layers.20.self_attn.v_proj.weight', 'model.vision_tower.vision_tower.vision_model.encoder.layers.4.layer_norm2.weight', 'model.vision_tower.vision_tower.vision_model.encoder.layers.1.self_attn.v_proj.bias', 'model.vision_tower.vision_tower.vision_model.encoder.layers.9.mlp.fc2.bias', 'model.vision_tower.vision_tower.vision_model.encoder.layers.21.mlp.fc2.bias', 'model.vision_tower.vision_tower.vision_model.encoder.layers.21.mlp.fc1.bias', 'model.vision_tower.vision_tower.vision_model.encoder.layers.11.self_attn.q_proj.bias', 'model.vision_tower.vision_tower.vision_model.encoder.layers.11.layer_norm1.bias', 'model.vision_tower.vision_tower.vision_model.encoder.layers.2.mlp.fc1.bias', 'model.vision_tower.vision_tower.vision_model.encoder.layers.18.self_attn.out_proj.bias', 'model.vision_tower.vision_tower.vision_model.encoder.layers.23.self_attn.k_proj.weight', 'model.vision_tower.vision_tower.vision_model.encoder.layers.20.mlp.fc2.weight', 'model.vision_tower.vision_tower.vision_model.encoder.layers.21.mlp.fc1.weight', 'model.vision_tower.vision_tower.vision_model.encoder.layers.5.mlp.fc2.weight', 'model.vision_tower.vision_tower.vision_model.encoder.layers.10.self_attn.q_proj.bias', 'model.vision_tower.vision_tower.vision_model.encoder.layers.17.mlp.fc2.weight', 'model.vision_tower.vision_tower.vision_model.encoder.layers.8.self_attn.k_proj.weight', 'model.vision_tower.vision_tower.vision_model.encoder.layers.10.mlp.fc1.bias', 'model.vision_tower.vision_tower.vision_model.encoder.layers.21.self_attn.k_proj.weight', 'model.vision_tower.vision_tower.vision_model.encoder.layers.5.self_attn.k_proj.bias', 'model.vision_tower.vision_tower.vision_model.encoder.layers.17.mlp.fc1.weight', 'model.vision_tower.vision_tower.vision_model.embeddings.position_embedding.weight', 'model.vision_tower.vision_tower.vision_model.encoder.layers.22.mlp.fc1.weight', 'model.vision_tower.vision_tower.vision_model.encoder.layers.8.mlp.fc1.weight', 'model.vision_tower.vision_tower.vision_model.encoder.layers.2.self_attn.v_proj.bias', 'model.vision_tower.vision_tower.vision_model.encoder.layers.23.self_attn.k_proj.bias', 'model.vision_tower.vision_tower.vision_model.encoder.layers.16.self_attn.q_proj.bias', 'model.vision_tower.vision_tower.vision_model.encoder.layers.22.layer_norm1.bias', 'model.vision_tower.vision_tower.vision_model.encoder.layers.1.layer_norm2.bias', 'model.vision_tower.vision_tower.vision_model.encoder.layers.4.self_attn.v_proj.weight', 'model.vision_tower.vision_tower.vision_model.encoder.layers.1.self_attn.k_proj.bias', 'model.vision_tower.vision_tower.vision_model.encoder.layers.8.mlp.fc1.bias', 'model.vision_tower.vision_tower.vision_model.encoder.layers.23.self_attn.out_proj.weight', 'model.vision_tower.vision_tower.vision_model.encoder.layers.19.layer_norm2.weight', 'model.vision_tower.vision_tower.vision_model.encoder.layers.8.self_attn.out_proj.weight', 'model.vision_tower.vision_tower.vision_model.encoder.layers.9.self_attn.v_proj.weight', 'model.vision_tower.vision_tower.vision_model.encoder.layers.15.mlp.fc2.bias', 'model.vision_tower.vision_tower.vision_model.encoder.layers.18.mlp.fc1.weight', 'model.vision_tower.vision_tower.vision_model.encoder.layers.13.self_attn.out_proj.weight', 'model.vision_tower.vision_tower.vision_model.encoder.layers.7.self_attn.k_proj.bias', 'model.vision_tower.vision_tower.vision_model.encoder.layers.17.self_attn.q_proj.bias', 'model.vision_tower.vision_tower.vision_model.encoder.layers.13.self_attn.k_proj.weight', 'model.vision_tower.vision_tower.vision_model.encoder.layers.17.layer_norm2.bias', 'model.vision_tower.vision_tower.vision_model.encoder.layers.16.self_attn.v_proj.weight', 'model.vision_tower.vision_tower.vision_model.encoder.layers.8.layer_norm1.bias', 'model.vision_tower.vision_tower.vision_model.encoder.layers.22.self_attn.out_proj.bias', 'model.vision_tower.vision_tower.vision_model.encoder.layers.15.layer_norm2.bias', 'model.vision_tower.vision_tower.vision_model.encoder.layers.8.layer_norm1.weight', 'model.vision_tower.vision_tower.vision_model.encoder.layers.16.layer_norm1.weight', 'model.vision_tower.vision_tower.vision_model.encoder.layers.11.layer_norm1.weight', 'model.vision_tower.vision_tower.vision_model.encoder.layers.13.self_attn.q_proj.weight', 'model.vision_tower.vision_tower.vision_model.encoder.layers.18.self_attn.out_proj.weight', 'model.vision_tower.vision_tower.vision_model.encoder.layers.1.self_attn.q_proj.weight', 'model.vision_tower.vision_tower.vision_model.encoder.layers.3.self_attn.k_proj.weight', 'model.vision_tower.vision_tower.vision_model.encoder.layers.22.self_attn.out_proj.weight', 'model.vision_tower.vision_tower.vision_model.encoder.layers.7.self_attn.out_proj.weight', 'model.vision_tower.vision_tower.vision_model.encoder.layers.6.layer_norm1.bias', 'model.vision_tower.vision_tower.vision_model.encoder.layers.21.layer_norm2.weight', 'model.vision_tower.vision_tower.vision_model.embeddings.patch_embedding.weight', 'model.vision_tower.vision_tower.vision_model.encoder.layers.15.mlp.fc2.weight', 'model.vision_tower.vision_tower.vision_model.encoder.layers.14.self_attn.q_proj.weight', 'model.vision_tower.vision_tower.vision_model.encoder.layers.18.self_attn.q_proj.bias', 'model.vision_tower.vision_tower.vision_model.encoder.layers.22.self_attn.q_proj.bias', 'model.vision_tower.vision_tower.vision_model.encoder.layers.18.mlp.fc1.bias', 'model.vision_tower.vision_tower.vision_model.encoder.layers.17.self_attn.k_proj.bias', 'model.vision_tower.vision_tower.vision_model.encoder.layers.23.self_attn.out_proj.bias', 'model.vision_tower.vision_tower.vision_model.encoder.layers.11.self_attn.k_proj.weight', 'model.vision_tower.vision_tower.vision_model.encoder.layers.15.mlp.fc1.weight', 'model.vision_tower.vision_tower.vision_model.post_layernorm.weight', 'model.vision_tower.vision_tower.vision_model.encoder.layers.11.mlp.fc2.weight', 'model.vision_tower.vision_tower.vision_model.encoder.layers.0.layer_norm2.weight', 'model.vision_tower.vision_tower.vision_model.encoder.layers.23.layer_norm2.weight', 'model.vision_tower.vision_tower.vision_model.encoder.layers.22.self_attn.k_proj.weight', 'model.vision_tower.vision_tower.vision_model.encoder.layers.16.mlp.fc1.bias', 'model.vision_tower.vision_tower.vision_model.encoder.layers.22.self_attn.q_proj.weight', 'model.vision_tower.vision_tower.vision_model.encoder.layers.12.layer_norm2.bias', 'model.vision_tower.vision_tower.vision_model.encoder.layers.23.layer_norm1.weight', 'model.vision_tower.vision_tower.vision_model.encoder.layers.12.self_attn.v_proj.bias', 'model.vision_tower.vision_tower.vision_model.encoder.layers.3.layer_norm2.bias', 'model.vision_tower.vision_tower.vision_model.encoder.layers.5.mlp.fc1.bias', 'model.vision_tower.vision_tower.vision_model.encoder.layers.11.mlp.fc1.bias', 'model.vision_tower.vision_tower.vision_model.encoder.layers.17.self_attn.v_proj.bias', 'model.vision_tower.vision_tower.vision_model.encoder.layers.0.self_attn.k_proj.weight', 'model.vision_tower.vision_tower.vision_model.encoder.layers.15.self_attn.out_proj.weight', 'model.vision_tower.vision_tower.vision_model.encoder.layers.9.self_attn.out_proj.weight', 'model.vision_tower.vision_tower.vision_model.encoder.layers.1.mlp.fc1.weight', 'model.vision_tower.vision_tower.vision_model.encoder.layers.18.layer_norm1.weight', 'model.vision_tower.vision_tower.vision_model.encoder.layers.14.self_attn.q_proj.bias', 'model.vision_tower.vision_tower.vision_model.encoder.layers.11.mlp.fc2.bias', 'model.vision_tower.vision_tower.vision_model.encoder.layers.8.self_attn.k_proj.bias', 'model.vision_tower.vision_tower.vision_model.encoder.layers.11.mlp.fc1.weight', 'model.vision_tower.vision_tower.vision_model.encoder.layers.13.self_attn.q_proj.bias', 'model.vision_tower.vision_tower.vision_model.encoder.layers.12.mlp.fc1.weight', 'model.vision_tower.vision_tower.vision_model.encoder.layers.10.self_attn.k_proj.weight', 'model.vision_tower.vision_tower.vision_model.encoder.layers.14.mlp.fc1.bias', 'model.vision_tower.vision_tower.vision_model.encoder.layers.23.mlp.fc1.bias', 'model.vision_tower.vision_tower.vision_model.encoder.layers.5.self_attn.v_proj.weight', 'model.vision_tower.vision_tower.vision_model.encoder.layers.9.self_attn.q_proj.weight', 'model.vision_tower.vision_tower.vision_model.encoder.layers.18.self_attn.q_proj.weight', 'model.vision_tower.vision_tower.vision_model.encoder.layers.16.self_attn.v_proj.bias', 'model.vision_tower.vision_tower.vision_model.encoder.layers.20.layer_norm2.weight', 'model.vision_tower.vision_tower.vision_model.encoder.layers.12.mlp.fc2.weight', 'model.vision_tower.vision_tower.vision_model.encoder.layers.4.self_attn.v_proj.bias', 'model.vision_tower.vision_tower.vision_model.encoder.layers.2.self_attn.k_proj.weight', 'model.vision_tower.vision_tower.vision_model.encoder.layers.20.layer_norm2.bias', 'model.vision_tower.vision_tower.vision_model.pre_layrnorm.bias', 'model.vision_tower.vision_tower.vision_model.encoder.layers.21.layer_norm1.bias', 'model.vision_tower.vision_tower.vision_model.encoder.layers.9.self_attn.k_proj.weight', 'model.vision_tower.vision_tower.vision_model.encoder.layers.5.self_attn.out_proj.bias', 'model.vision_tower.vision_tower.vision_model.encoder.layers.3.self_attn.out_proj.bias', 'model.vision_tower.vision_tower.vision_model.encoder.layers.14.layer_norm1.weight', 'model.vision_tower.vision_tower.vision_model.encoder.layers.0.mlp.fc1.bias', 'model.vision_tower.vision_tower.vision_model.encoder.layers.4.mlp.fc1.weight', 'model.vision_tower.vision_tower.vision_model.encoder.layers.17.self_attn.q_proj.weight', 'model.vision_tower.vision_tower.vision_model.encoder.layers.14.self_attn.v_proj.weight', 'model.vision_tower.vision_tower.vision_model.encoder.layers.16.self_attn.q_proj.weight', 'model.vision_tower.vision_tower.vision_model.encoder.layers.9.self_attn.v_proj.bias', 'model.vision_tower.vision_tower.vision_model.encoder.layers.10.layer_norm1.weight', 'model.vision_tower.vision_tower.vision_model.encoder.layers.0.mlp.fc2.bias', 'model.vision_tower.vision_tower.vision_model.encoder.layers.20.self_attn.out_proj.weight', 'model.vision_tower.vision_tower.vision_model.embeddings.class_embedding', 'model.vision_tower.vision_tower.vision_model.encoder.layers.6.layer_norm1.weight', 'model.vision_tower.vision_tower.vision_model.encoder.layers.17.layer_norm1.weight', 'model.vision_tower.vision_tower.vision_model.encoder.layers.9.mlp.fc1.weight', 'model.vision_tower.vision_tower.vision_model.encoder.layers.7.mlp.fc1.bias', 'model.vision_tower.vision_tower.vision_model.encoder.layers.3.self_attn.q_proj.weight', 'model.vision_tower.vision_tower.vision_model.encoder.layers.6.mlp.fc1.bias', 'model.vision_tower.vision_tower.vision_model.encoder.layers.10.self_attn.k_proj.bias', 'model.vision_tower.vision_tower.vision_model.encoder.layers.22.mlp.fc1.bias', 'model.vision_tower.vision_tower.vision_model.encoder.layers.5.layer_norm1.weight', 'model.vision_tower.vision_tower.vision_model.encoder.layers.19.self_attn.k_proj.weight', 'model.vision_tower.vision_tower.vision_model.encoder.layers.23.self_attn.v_proj.bias', 'model.vision_tower.vision_tower.vision_model.encoder.layers.5.layer_norm2.weight', 'model.vision_tower.vision_tower.vision_model.encoder.layers.19.self_attn.out_proj.bias', 'model.vision_tower.vision_tower.vision_model.encoder.layers.16.mlp.fc2.bias', 'model.vision_tower.vision_tower.vision_model.encoder.layers.14.layer_norm2.weight', 'model.vision_tower.vision_tower.vision_model.encoder.layers.1.layer_norm1.bias', 'model.vision_tower.vision_tower.vision_model.encoder.layers.4.self_attn.out_proj.weight', 'model.vision_tower.vision_tower.vision_model.encoder.layers.8.self_attn.q_proj.bias', 'model.vision_tower.vision_tower.vision_model.encoder.layers.7.layer_norm1.weight', 'model.vision_tower.vision_tower.vision_model.encoder.layers.0.layer_norm2.bias', 'model.vision_tower.vision_tower.vision_model.encoder.layers.14.self_attn.k_proj.weight', 'model.vision_tower.vision_tower.vision_model.encoder.layers.21.self_attn.q_proj.bias', 'model.vision_tower.vision_tower.vision_model.encoder.layers.1.mlp.fc2.weight', 'model.vision_tower.vision_tower.vision_model.encoder.layers.21.self_attn.v_proj.bias', 'model.vision_tower.vision_tower.vision_model.encoder.layers.6.self_attn.out_proj.weight', 'model.vision_tower.vision_tower.vision_model.encoder.layers.2.self_attn.k_proj.bias', 'model.vision_tower.vision_tower.vision_model.encoder.layers.12.self_attn.q_proj.bias', 'model.vision_tower.vision_tower.vision_model.encoder.layers.20.mlp.fc2.bias', 'model.vision_tower.vision_tower.vision_model.encoder.layers.12.self_attn.out_proj.bias', 'model.vision_tower.vision_tower.vision_model.encoder.layers.14.self_attn.v_proj.bias', 'model.vision_tower.vision_tower.vision_model.encoder.layers.6.self_attn.k_proj.bias', 'model.vision_tower.vision_tower.vision_model.encoder.layers.6.mlp.fc1.weight', 'model.vision_tower.vision_tower.vision_model.encoder.layers.19.layer_norm2.bias', 'model.vision_tower.vision_tower.vision_model.encoder.layers.4.self_attn.k_proj.bias', 'model.vision_tower.vision_tower.vision_model.encoder.layers.13.self_attn.v_proj.bias', 'model.vision_tower.vision_tower.vision_model.encoder.layers.10.mlp.fc1.weight', 'model.vision_tower.vision_tower.vision_model.encoder.layers.0.layer_norm1.weight', 'model.vision_tower.vision_tower.vision_model.encoder.layers.3.mlp.fc2.bias', 'model.vision_tower.vision_tower.vision_model.encoder.layers.4.self_attn.q_proj.bias', 'model.vision_tower.vision_tower.vision_model.encoder.layers.9.layer_norm2.bias', 'model.vision_tower.vision_tower.vision_model.encoder.layers.12.layer_norm2.weight', 'model.vision_tower.vision_tower.vision_model.encoder.layers.3.mlp.fc1.weight', 'model.vision_tower.vision_tower.vision_model.encoder.layers.10.self_attn.v_proj.bias', 'model.vision_tower.vision_tower.vision_model.encoder.layers.3.self_attn.k_proj.bias', 'model.vision_tower.vision_tower.vision_model.encoder.layers.20.self_attn.q_proj.weight', 'model.vision_tower.vision_tower.vision_model.encoder.layers.11.self_attn.v_proj.weight', 'model.vision_tower.vision_tower.vision_model.encoder.layers.3.layer_norm1.weight', 'model.vision_tower.vision_tower.vision_model.encoder.layers.14.layer_norm2.bias', 'model.vision_tower.vision_tower.vision_model.encoder.layers.2.self_attn.v_proj.weight', 'model.vision_tower.vision_tower.vision_model.encoder.layers.8.self_attn.v_proj.weight', 'model.vision_tower.vision_tower.vision_model.encoder.layers.19.mlp.fc2.weight', 'model.vision_tower.vision_tower.vision_model.encoder.layers.21.layer_norm1.weight', 'model.vision_tower.vision_tower.vision_model.encoder.layers.7.self_attn.out_proj.bias', 'model.vision_tower.vision_tower.vision_model.encoder.layers.3.self_attn.out_proj.weight', 'model.vision_tower.vision_tower.vision_model.encoder.layers.19.self_attn.out_proj.weight', 'model.vision_tower.vision_tower.vision_model.encoder.layers.6.layer_norm2.bias', 'model.vision_tower.vision_tower.vision_model.encoder.layers.1.self_attn.out_proj.bias', 'model.vision_tower.vision_tower.vision_model.encoder.layers.20.mlp.fc1.weight', 'model.vision_tower.vision_tower.vision_model.encoder.layers.2.self_attn.out_proj.bias', 'model.vision_tower.vision_tower.vision_model.encoder.layers.10.self_attn.out_proj.bias', 'model.vision_tower.vision_tower.vision_model.encoder.layers.11.self_attn.v_proj.bias', 'model.vision_tower.vision_tower.vision_model.encoder.layers.9.self_attn.k_proj.bias', 'model.vision_tower.vision_tower.vision_model.post_layernorm.bias', 'model.vision_tower.vision_tower.vision_model.encoder.layers.4.mlp.fc2.bias', 'model.vision_tower.vision_tower.vision_model.encoder.layers.14.mlp.fc2.weight', 'model.vision_tower.vision_tower.vision_model.encoder.layers.7.mlp.fc2.weight', 'model.vision_tower.vision_tower.vision_model.encoder.layers.9.self_attn.out_proj.bias', 'model.vision_tower.vision_tower.vision_model.encoder.layers.15.self_attn.q_proj.weight', 'model.vision_tower.vision_tower.vision_model.encoder.layers.12.self_attn.k_proj.weight', 'model.vision_tower.vision_tower.vision_model.encoder.layers.8.self_attn.out_proj.bias', 'model.vision_tower.vision_tower.vision_model.encoder.layers.6.self_attn.k_proj.weight', 'model.vision_tower.vision_tower.vision_model.encoder.layers.2.layer_norm2.weight', 'model.vision_tower.vision_tower.vision_model.encoder.layers.13.mlp.fc2.bias', 'model.vision_tower.vision_tower.vision_model.encoder.layers.7.self_attn.q_proj.bias', 'model.vision_tower.vision_tower.vision_model.encoder.layers.12.self_attn.k_proj.bias', 'model.vision_tower.vision_tower.vision_model.encoder.layers.13.self_attn.out_proj.bias', 'model.vision_tower.vision_tower.vision_model.encoder.layers.15.self_attn.k_proj.bias', 'model.vision_tower.vision_tower.vision_model.encoder.layers.22.self_attn.v_proj.weight', 'model.vision_tower.vision_tower.vision_model.encoder.layers.2.self_attn.q_proj.weight', 'model.vision_tower.vision_tower.vision_model.encoder.layers.5.layer_norm1.bias', 'model.vision_tower.vision_tower.vision_model.encoder.layers.23.layer_norm1.bias', 'model.vision_tower.vision_tower.vision_model.encoder.layers.0.mlp.fc1.weight', 'model.vision_tower.vision_tower.vision_model.encoder.layers.1.layer_norm1.weight', 'model.vision_tower.vision_tower.vision_model.encoder.layers.19.self_attn.k_proj.bias', 'model.vision_tower.vision_tower.vision_model.encoder.layers.15.self_attn.k_proj.weight', 'model.vision_tower.vision_tower.vision_model.encoder.layers.2.mlp.fc2.weight', 'model.vision_tower.vision_tower.vision_model.encoder.layers.9.mlp.fc1.bias', 'model.vision_tower.vision_tower.vision_model.encoder.layers.3.layer_norm2.weight', 'model.vision_tower.vision_tower.vision_model.encoder.layers.21.self_attn.v_proj.weight', 'model.vision_tower.vision_tower.vision_model.encoder.layers.3.mlp.fc2.weight', 'model.vision_tower.vision_tower.vision_model.encoder.layers.4.mlp.fc1.bias', 'model.vision_tower.vision_tower.vision_model.encoder.layers.8.self_attn.v_proj.bias', 'model.vision_tower.vision_tower.vision_model.encoder.layers.4.self_attn.k_proj.weight', 'model.vision_tower.vision_tower.vision_model.encoder.layers.7.self_attn.v_proj.weight', 'model.vision_tower.vision_tower.vision_model.encoder.layers.23.layer_norm2.bias', 'model.vision_tower.vision_tower.vision_model.encoder.layers.12.layer_norm1.weight', 'model.vision_tower.vision_tower.vision_model.encoder.layers.10.layer_norm2.bias', 'model.vision_tower.vision_tower.vision_model.encoder.layers.3.layer_norm1.bias', 'model.vision_tower.vision_tower.vision_model.encoder.layers.19.layer_norm1.bias', 'model.vision_tower.vision_tower.vision_model.encoder.layers.6.self_attn.v_proj.bias', 'model.vision_tower.vision_tower.vision_model.encoder.layers.23.self_attn.q_proj.weight', 'model.vision_tower.vision_tower.vision_model.encoder.layers.15.self_attn.out_proj.bias', 'model.vision_tower.vision_tower.vision_model.encoder.layers.2.layer_norm1.weight', 'model.vision_tower.vision_tower.vision_model.encoder.layers.7.self_attn.v_proj.bias', 'model.vision_tower.vision_tower.vision_model.encoder.layers.5.self_attn.k_proj.weight', 'model.vision_tower.vision_tower.vision_model.encoder.layers.21.self_attn.k_proj.bias', 'model.vision_tower.vision_tower.vision_model.encoder.layers.22.self_attn.v_proj.bias', 'model.vision_tower.vision_tower.vision_model.encoder.layers.18.self_attn.k_proj.bias', 'model.vision_tower.vision_tower.vision_model.encoder.layers.12.self_attn.q_proj.weight', 'model.vision_tower.vision_tower.vision_model.encoder.layers.16.mlp.fc2.weight', 'model.vision_tower.vision_tower.vision_model.encoder.layers.14.self_attn.out_proj.weight', 'model.vision_tower.vision_tower.vision_model.encoder.layers.13.mlp.fc1.bias', 'model.vision_tower.vision_tower.vision_model.encoder.layers.22.mlp.fc2.weight', 'model.vision_tower.vision_tower.vision_model.encoder.layers.12.self_attn.out_proj.weight', 'model.vision_tower.vision_tower.vision_model.encoder.layers.0.self_attn.out_proj.weight', 'model.vision_tower.vision_tower.vision_model.encoder.layers.17.self_attn.out_proj.bias', 'model.vision_tower.vision_tower.vision_model.encoder.layers.11.self_attn.q_proj.weight', 'model.vision_tower.vision_tower.vision_model.encoder.layers.15.layer_norm1.weight', 'model.vision_tower.vision_tower.vision_model.encoder.layers.13.mlp.fc2.weight', 'model.vision_tower.vision_tower.vision_model.encoder.layers.15.self_attn.v_proj.bias', 'model.vision_tower.vision_tower.vision_model.encoder.layers.2.layer_norm2.bias', 'model.vision_tower.vision_tower.vision_model.encoder.layers.10.self_attn.q_proj.weight', 'model.vision_tower.vision_tower.vision_model.encoder.layers.15.self_attn.q_proj.bias', 'model.vision_tower.vision_tower.vision_model.encoder.layers.0.self_attn.v_proj.weight', 'model.vision_tower.vision_tower.vision_model.encoder.layers.8.mlp.fc2.weight', 'model.vision_tower.vision_tower.vision_model.encoder.layers.1.mlp.fc2.bias', 'model.vision_tower.vision_tower.vision_model.encoder.layers.17.mlp.fc2.bias', 'model.vision_tower.vision_tower.vision_model.encoder.layers.18.mlp.fc2.weight', 'model.vision_tower.vision_tower.vision_model.encoder.layers.13.self_attn.v_proj.weight', 'model.vision_tower.vision_tower.vision_model.encoder.layers.19.self_attn.v_proj.bias', 'model.vision_tower.vision_tower.vision_model.encoder.layers.19.mlp.fc1.weight', 'model.vision_tower.vision_tower.vision_model.encoder.layers.5.self_attn.q_proj.weight', 'model.vision_tower.vision_tower.vision_model.encoder.layers.22.layer_norm2.weight', 'model.vision_tower.vision_tower.vision_model.encoder.layers.12.mlp.fc1.bias', 'model.vision_tower.vision_tower.vision_model.encoder.layers.9.self_attn.q_proj.bias', 'model.vision_tower.vision_tower.vision_model.encoder.layers.0.self_attn.v_proj.bias', 'model.vision_tower.vision_tower.vision_model.encoder.layers.20.self_attn.k_proj.weight', 'model.vision_tower.vision_tower.vision_model.encoder.layers.20.self_attn.k_proj.bias', 'model.vision_tower.vision_tower.vision_model.encoder.layers.7.mlp.fc2.bias', 'model.vision_tower.vision_tower.vision_model.encoder.layers.11.self_attn.k_proj.bias', 'model.vision_tower.vision_tower.vision_model.encoder.layers.10.layer_norm1.bias', 'model.vision_tower.vision_tower.vision_model.encoder.layers.18.self_attn.v_proj.bias', 'model.vision_tower.vision_tower.vision_model.encoder.layers.23.mlp.fc2.weight', 'model.vision_tower.vision_tower.vision_model.encoder.layers.18.self_attn.v_proj.weight', 'model.vision_tower.vision_tower.vision_model.encoder.layers.12.self_attn.v_proj.weight', 'model.vision_tower.vision_tower.vision_model.encoder.layers.18.mlp.fc2.bias', 'model.vision_tower.vision_tower.vision_model.encoder.layers.16.self_attn.k_proj.weight', 'model.vision_tower.vision_tower.vision_model.encoder.layers.9.mlp.fc2.weight', 'model.vision_tower.vision_tower.vision_model.encoder.layers.13.self_attn.k_proj.bias', 'model.vision_tower.vision_tower.vision_model.encoder.layers.4.self_attn.out_proj.bias', 'model.vision_tower.vision_tower.vision_model.encoder.layers.0.mlp.fc2.weight', 'model.vision_tower.vision_tower.vision_model.encoder.layers.3.self_attn.v_proj.bias', 'model.vision_tower.vision_tower.vision_model.encoder.layers.8.layer_norm2.weight', 'model.vision_tower.vision_tower.vision_model.encoder.layers.5.mlp.fc1.weight', 'model.vision_tower.vision_tower.vision_model.encoder.layers.2.layer_norm1.bias', 'model.vision_tower.vision_tower.vision_model.encoder.layers.20.self_attn.v_proj.bias', 'model.vision_tower.vision_tower.vision_model.encoder.layers.22.layer_norm2.bias', 'model.vision_tower.vision_tower.vision_model.encoder.layers.4.mlp.fc2.weight', 'model.vision_tower.vision_tower.vision_model.encoder.layers.10.mlp.fc2.bias', 'model.vision_tower.vision_tower.vision_model.encoder.layers.7.mlp.fc1.weight', 'model.vision_tower.vision_tower.vision_model.encoder.layers.23.self_attn.v_proj.weight', 'model.vision_tower.vision_tower.vision_model.encoder.layers.16.layer_norm2.bias', 'model.vision_tower.vision_tower.vision_model.encoder.layers.12.mlp.fc2.bias', 'model.vision_tower.vision_tower.vision_model.encoder.layers.9.layer_norm1.weight', 'model.vision_tower.vision_tower.vision_model.encoder.layers.6.self_attn.v_proj.weight', 'model.vision_tower.vision_tower.vision_model.encoder.layers.19.self_attn.v_proj.weight', 'model.vision_tower.vision_tower.vision_model.encoder.layers.7.layer_norm1.bias', 'model.vision_tower.vision_tower.vision_model.encoder.layers.15.layer_norm2.weight', 'model.vision_tower.vision_tower.vision_model.encoder.layers.16.self_attn.out_proj.weight', 'model.vision_tower.vision_tower.vision_model.encoder.layers.6.layer_norm2.weight', 'model.vision_tower.vision_tower.vision_model.encoder.layers.13.layer_norm1.weight', 'model.vision_tower.vision_tower.vision_model.encoder.layers.0.self_attn.q_proj.weight', 'model.vision_tower.vision_tower.vision_model.encoder.layers.3.mlp.fc1.bias', 'model.vision_tower.vision_tower.vision_model.encoder.layers.19.self_attn.q_proj.weight', 'model.vision_tower.vision_tower.vision_model.encoder.layers.17.self_attn.v_proj.weight', 'model.vision_tower.vision_tower.vision_model.encoder.layers.16.self_attn.out_proj.bias', 'model.vision_tower.vision_tower.vision_model.encoder.layers.23.self_attn.q_proj.bias', 'model.vision_tower.vision_tower.vision_model.encoder.layers.7.self_attn.q_proj.weight', 'model.vision_tower.vision_tower.vision_model.encoder.layers.4.layer_norm1.bias', 'model.vision_tower.vision_tower.vision_model.encoder.layers.9.layer_norm1.bias', 'model.vision_tower.vision_tower.vision_model.encoder.layers.1.self_attn.q_proj.bias', 'model.vision_tower.vision_tower.vision_model.encoder.layers.5.mlp.fc2.bias', 'model.vision_tower.vision_tower.vision_model.encoder.layers.19.mlp.fc2.bias', 'model.vision_tower.vision_tower.vision_model.encoder.layers.15.mlp.fc1.bias', 'model.vision_tower.vision_tower.vision_model.encoder.layers.15.self_attn.v_proj.weight', 'model.vision_tower.vision_tower.vision_model.encoder.layers.5.layer_norm2.bias']
- This IS expected if you are initializing LlavaLlamaForCausalLM from the checkpoint of a model trained on another task or with another architecture (e.g. initializing a BertForSequenceClassification model from a BertForPreTraining model).
- This IS NOT expected if you are initializing LlavaLlamaForCausalLM from the checkpoint of a model that you expect to be exactly identical (initializing a BertForSequenceClassification model from a BertForSequenceClassification model).
You are resizing the embedding layer without providing a `pad_to_multiple_of` parameter. This means that the new embeding dimension will be 32000. This might induce some performance reduction as *Tensor Cores* will not be available. For more details  about this, or help on choosing the correct value for resizing, refer to this guide: https://docs.nvidia.com/deeplearning/performance/dl-performance-matrix-multiplication/index.html#requirements-tc
📂 Loaded 264 slides to process from /data2/yuhaowang/processed_wsi/slidebench/split_name/slides_part2.txt
⏩ Skipping finished slide: 284
⏩ Skipping finished slide: 285
⏩ Skipping finished slide: 286
⏩ Skipping finished slide: 287
⏩ Skipping finished slide: 288
⏩ Skipping finished slide: 289
⏩ Skipping finished slide: 29
⏩ Skipping finished slide: 290
⏩ Skipping finished slide: 291
⏩ Skipping finished slide: 292
⏩ Skipping finished slide: 293
⏩ Skipping finished slide: 294
⏩ Skipping finished slide: 295
⏩ Skipping finished slide: 296
⏩ Skipping finished slide: 297
⏩ Skipping finished slide: 298
⏩ Skipping finished slide: 299
⏩ Skipping finished slide: 3
⏩ Skipping finished slide: 30
⏩ Skipping finished slide: 300
⏩ Skipping finished slide: 301
⏩ Skipping finished slide: 302
⏩ Skipping finished slide: 303
⏩ Skipping finished slide: 304
⏩ Skipping finished slide: 305
⏩ Skipping finished slide: 306
⏩ Skipping finished slide: 307
⏩ Skipping finished slide: 308
⏩ Skipping finished slide: 309
⏩ Skipping finished slide: 31
⏩ Skipping finished slide: 310
⏩ Skipping finished slide: 311
⏩ Skipping finished slide: 312
⏩ Skipping finished slide: 313
⏩ Skipping finished slide: 314
⏩ Skipping finished slide: 315
⏩ Skipping finished slide: 316
⏩ Skipping finished slide: 317
⏩ Skipping finished slide: 318
⏩ Skipping finished slide: 319
⏩ Skipping finished slide: 32
⏩ Skipping finished slide: 320
⏩ Skipping finished slide: 321
⏩ Skipping finished slide: 322
⏩ Skipping finished slide: 323
⏩ Skipping finished slide: 324
⏩ Skipping finished slide: 325
⏩ Skipping finished slide: 326
⏩ Skipping finished slide: 327
⏩ Skipping finished slide: 328
⏩ Skipping finished slide: 329
⏩ Skipping finished slide: 33
⏩ Skipping finished slide: 330
⏩ Skipping finished slide: 331
⏩ Skipping finished slide: 332
⏩ Skipping finished slide: 333
⏩ Skipping finished slide: 334
⏩ Skipping finished slide: 335
⏩ Skipping finished slide: 336
⏩ Skipping finished slide: 337
⏩ Skipping finished slide: 338
⏩ Skipping finished slide: 339
⏩ Skipping finished slide: 34
⏩ Skipping finished slide: 340
⏩ Skipping finished slide: 341
⏩ Skipping finished slide: 342
⏩ Skipping finished slide: 343
⏩ Skipping finished slide: 344
⏩ Skipping finished slide: 345
⏩ Skipping finished slide: 346
⏩ Skipping finished slide: 347
⏩ Skipping finished slide: 348
⏩ Skipping finished slide: 349
⏩ Skipping finished slide: 35
⏩ Skipping finished slide: 350
⏩ Skipping finished slide: 351
⏩ Skipping finished slide: 352
⏩ Skipping finished slide: 353
⏩ Skipping finished slide: 354
⏩ Skipping finished slide: 355
⏩ Skipping finished slide: 356
⏩ Skipping finished slide: 357
⏩ Skipping finished slide: 358
⏩ Skipping finished slide: 359
⏩ Skipping finished slide: 36
⏩ Skipping finished slide: 360
⏩ Skipping finished slide: 361
⏩ Skipping finished slide: 362
⏩ Skipping finished slide: 363
⏩ Skipping finished slide: 364
⏩ Skipping finished slide: 365
⏩ Skipping finished slide: 366
⏩ Skipping finished slide: 367
⏩ Skipping finished slide: 368
⏩ Skipping finished slide: 369
⏩ Skipping finished slide: 37
⏩ Skipping finished slide: 370
⏩ Skipping finished slide: 371
⏩ Skipping finished slide: 372
⏩ Skipping finished slide: 373
⏩ Skipping finished slide: 374
⏩ Skipping finished slide: 375
⏩ Skipping finished slide: 376
⏩ Skipping finished slide: 377
⏩ Skipping finished slide: 378
⏩ Skipping finished slide: 379
⏩ Skipping finished slide: 38
⏩ Skipping finished slide: 380
⏩ Skipping finished slide: 381
⏩ Skipping finished slide: 382
⏩ Skipping finished slide: 383
⏩ Skipping finished slide: 384
⏩ Skipping finished slide: 385
⏩ Skipping finished slide: 386
⏩ Skipping finished slide: 387
⏩ Skipping finished slide: 388
⏩ Skipping finished slide: 389
⏩ Skipping finished slide: 39
⏩ Skipping finished slide: 390
⏩ Skipping finished slide: 391
⏩ Skipping finished slide: 392
⏩ Skipping finished slide: 393
⏩ Skipping finished slide: 394
⏩ Skipping finished slide: 395
⏩ Skipping finished slide: 396
⏩ Skipping finished slide: 397
⏩ Skipping finished slide: 398
⏩ Skipping finished slide: 4
⏩ Skipping finished slide: 40
⏩ Skipping finished slide: 400
⏩ Skipping finished slide: 401
⏩ Skipping finished slide: 402
⏩ Skipping finished slide: 403
⏩ Skipping finished slide: 404
⏩ Skipping finished slide: 405
⏩ Skipping finished slide: 406
⏩ Skipping finished slide: 407
⏩ Skipping finished slide: 408
⏩ Skipping finished slide: 409
⏩ Skipping finished slide: 41
⏩ Skipping finished slide: 410
⏩ Skipping finished slide: 411
⏩ Skipping finished slide: 412
⏩ Skipping finished slide: 413
⏩ Skipping finished slide: 414
⏩ Skipping finished slide: 415
⏩ Skipping finished slide: 416
⏩ Skipping finished slide: 417
⏩ Skipping finished slide: 418
⏩ Skipping finished slide: 419
⏩ Skipping finished slide: 42
⏩ Skipping finished slide: 420
⏩ Skipping finished slide: 421
⏩ Skipping finished slide: 422
⏩ Skipping finished slide: 423
⏩ Skipping finished slide: 424
⏩ Skipping finished slide: 425
⏩ Skipping finished slide: 426
⏩ Skipping finished slide: 427
⏩ Skipping finished slide: 428
⏩ Skipping finished slide: 429
⏩ Skipping finished slide: 43
⏩ Skipping finished slide: 430
⏩ Skipping finished slide: 431
⏩ Skipping finished slide: 432
⏩ Skipping finished slide: 433
⏩ Skipping finished slide: 434
⏩ Skipping finished slide: 435
⏩ Skipping finished slide: 436
⏩ Skipping finished slide: 437
⏩ Skipping finished slide: 438
⏩ Skipping finished slide: 439
⏩ Skipping finished slide: 44
⏩ Skipping finished slide: 440
⏩ Skipping finished slide: 441
⏩ Skipping finished slide: 442
⏩ Skipping finished slide: 443
⏩ Skipping finished slide: 444
⏩ Skipping finished slide: 445
⏩ Skipping finished slide: 446
⏩ Skipping finished slide: 447
⏩ Skipping finished slide: 448
⏩ Skipping finished slide: 449
⏩ Skipping finished slide: 45
⏩ Skipping finished slide: 450
⏩ Skipping finished slide: 451
⏩ Skipping finished slide: 452
⏩ Skipping finished slide: 453
⏩ Skipping finished slide: 454
⏩ Skipping finished slide: 455
⏩ Skipping finished slide: 456
⏩ Skipping finished slide: 457
⏩ Skipping finished slide: 458
⏩ Skipping finished slide: 459
⏩ Skipping finished slide: 46
⏩ Skipping finished slide: 460
⏩ Skipping finished slide: 461
⏩ Skipping finished slide: 462
⏩ Skipping finished slide: 463
⏩ Skipping finished slide: 464
⏩ Skipping finished slide: 465
⏩ Skipping finished slide: 466
⏩ Skipping finished slide: 467
⏩ Skipping finished slide: 468
⏩ Skipping finished slide: 469
⏩ Skipping finished slide: 47
⏩ Skipping finished slide: 470
⏩ Skipping finished slide: 471
⏩ Skipping finished slide: 472
⏩ Skipping finished slide: 473
⏩ Skipping finished slide: 474
⏩ Skipping finished slide: 475
⏩ Skipping finished slide: 476
⏩ Skipping finished slide: 477
⏩ Skipping finished slide: 478
⏩ Skipping finished slide: 479
⏩ Skipping finished slide: 48
⏩ Skipping finished slide: 480
⏩ Skipping finished slide: 481
⏩ Skipping finished slide: 482
⏩ Skipping finished slide: 483
⏩ Skipping finished slide: 484
⏩ Skipping finished slide: 485
⏩ Skipping finished slide: 486
⏩ Skipping finished slide: 487
⏩ Skipping finished slide: 488
⏩ Skipping finished slide: 489
⏩ Skipping finished slide: 49
⏩ Skipping finished slide: 490
⏩ Skipping finished slide: 491
⏩ Skipping finished slide: 492
⏩ Skipping finished slide: 493
⏩ Skipping finished slide: 494
⏩ Skipping finished slide: 495
⏩ Skipping finished slide: 496
⏩ Skipping finished slide: 497
⏩ Skipping finished slide: 498
⏩ Skipping finished slide: 499
⏩ Skipping finished slide: 5
⏩ Skipping finished slide: 50
⏩ Skipping finished slide: 500
⏩ Skipping finished slide: 501
⏩ Skipping finished slide: 502
⏩ Skipping finished slide: 503
⏩ Skipping finished slide: 504
⏩ Skipping finished slide: 505
⏩ Skipping finished slide: 506
⏩ Skipping finished slide: 507
⏩ Skipping finished slide: 508
⏩ Skipping finished slide: 509
⏩ Skipping finished slide: 51
⏩ Skipping finished slide: 510
⏩ Skipping finished slide: 511
⏩ Skipping finished slide: 512
⏩ Skipping finished slide: 513
⏩ Skipping finished slide: 514
⏩ Skipping finished slide: 515
⏩ Skipping finished slide: 516
⏩ Skipping finished slide: 517
⏩ Skipping finished slide: 518
⏩ Skipping finished slide: 519
⏩ Skipping finished slide: 52
⏩ Skipping finished slide: 520
⏩ Skipping finished slide: 521
