/home/yuhaowang/anaconda3/envs/pathagent/lib/python3.9/site-packages/transformers/utils/generic.py:260: FutureWarning: `torch.utils._pytree._register_pytree_node` is deprecated. Please use `torch.utils._pytree.register_pytree_node` instead.
  torch.utils._pytree._register_pytree_node(
/home/yuhaowang/anaconda3/envs/pathagent/lib/python3.9/site-packages/transformers/utils/generic.py:260: FutureWarning: `torch.utils._pytree._register_pytree_node` is deprecated. Please use `torch.utils._pytree.register_pytree_node` instead.
  torch.utils._pytree._register_pytree_node(
/home/yuhaowang/anaconda3/envs/pathagent/lib/python3.9/site-packages/huggingface_hub/file_download.py:949: FutureWarning: `resume_download` is deprecated and will be removed in version 1.0.0. Downloads always resume when possible. If you want to force a new download, use `force_download=True`.
  warnings.warn(
===== Argument Configuration =====
model_path: /data/yuhaowang/cache/qllava_ckpt
model_base: None
device: cuda
conv_mode: None
temperature: 0.2
max_new_tokens: 512
load_8bit: False
load_4bit: True
debug: False
image_aspect_ratio: pad
image_dir: /data2/yuhaowang/processed_wsi/slidebench/patches_output
output_json: /data2/yuhaowang/processed_wsi/slidebench/desc/patches_descriptions3.json
slide_list: /data2/yuhaowang/processed_wsi/slidebench/split_name/slides_part3.txt
================================

Loading checkpoint shards:   0%|          | 0/2 [00:00<?, ?it/s]Loading checkpoint shards:  50%|█████     | 1/2 [00:16<00:16, 16.99s/it]Loading checkpoint shards: 100%|██████████| 2/2 [00:24<00:00, 11.49s/it]Loading checkpoint shards: 100%|██████████| 2/2 [00:24<00:00, 12.32s/it]
Some weights of the model checkpoint at /data/yuhaowang/cache/qllava_ckpt were not used when initializing LlavaLlamaForCausalLM: ['model.vision_tower.vision_tower.vision_model.encoder.layers.5.self_attn.out_proj.bias', 'model.vision_tower.vision_tower.vision_model.encoder.layers.21.mlp.fc2.weight', 'model.vision_tower.vision_tower.vision_model.encoder.layers.10.self_attn.q_proj.weight', 'model.vision_tower.vision_tower.vision_model.encoder.layers.5.self_attn.q_proj.weight', 'model.vision_tower.vision_tower.vision_model.encoder.layers.21.self_attn.v_proj.weight', 'model.vision_tower.vision_tower.vision_model.encoder.layers.15.self_attn.k_proj.bias', 'model.vision_tower.vision_tower.vision_model.encoder.layers.23.self_attn.out_proj.bias', 'model.vision_tower.vision_tower.vision_model.pre_layrnorm.bias', 'model.vision_tower.vision_tower.vision_model.encoder.layers.6.layer_norm1.weight', 'model.vision_tower.vision_tower.vision_model.encoder.layers.15.layer_norm1.weight', 'model.vision_tower.vision_tower.vision_model.encoder.layers.0.self_attn.out_proj.weight', 'model.vision_tower.vision_tower.vision_model.encoder.layers.9.self_attn.k_proj.weight', 'model.vision_tower.vision_tower.vision_model.encoder.layers.2.self_attn.q_proj.bias', 'model.vision_tower.vision_tower.vision_model.encoder.layers.5.self_attn.k_proj.weight', 'model.vision_tower.vision_tower.vision_model.encoder.layers.10.mlp.fc2.weight', 'model.vision_tower.vision_tower.vision_model.encoder.layers.16.self_attn.v_proj.weight', 'model.vision_tower.vision_tower.vision_model.encoder.layers.20.mlp.fc1.bias', 'model.vision_tower.vision_tower.vision_model.encoder.layers.12.self_attn.out_proj.bias', 'model.vision_tower.vision_tower.vision_model.encoder.layers.2.layer_norm1.bias', 'model.vision_tower.vision_tower.vision_model.encoder.layers.23.self_attn.v_proj.weight', 'model.vision_tower.vision_tower.vision_model.encoder.layers.0.self_attn.v_proj.bias', 'model.vision_tower.vision_tower.vision_model.encoder.layers.16.mlp.fc1.weight', 'model.vision_tower.vision_tower.vision_model.encoder.layers.4.layer_norm2.weight', 'model.vision_tower.vision_tower.vision_model.encoder.layers.6.self_attn.q_proj.bias', 'model.vision_tower.vision_tower.vision_model.encoder.layers.20.layer_norm1.bias', 'model.vision_tower.vision_tower.vision_model.encoder.layers.14.self_attn.q_proj.bias', 'model.vision_tower.vision_tower.vision_model.encoder.layers.7.mlp.fc2.bias', 'model.vision_tower.vision_tower.vision_model.encoder.layers.20.self_attn.q_proj.weight', 'model.vision_tower.vision_tower.vision_model.encoder.layers.13.self_attn.q_proj.weight', 'model.vision_tower.vision_tower.vision_model.encoder.layers.23.self_attn.q_proj.weight', 'model.vision_tower.vision_tower.vision_model.encoder.layers.11.mlp.fc2.bias', 'model.vision_tower.vision_tower.vision_model.encoder.layers.4.self_attn.k_proj.bias', 'model.vision_tower.vision_tower.vision_model.encoder.layers.14.layer_norm2.weight', 'model.vision_tower.vision_tower.vision_model.encoder.layers.2.mlp.fc2.weight', 'model.vision_tower.vision_tower.vision_model.encoder.layers.18.mlp.fc1.bias', 'model.vision_tower.vision_tower.vision_model.encoder.layers.3.layer_norm2.bias', 'model.vision_tower.vision_tower.vision_model.encoder.layers.11.self_attn.q_proj.weight', 'model.vision_tower.vision_tower.vision_model.encoder.layers.14.self_attn.v_proj.bias', 'model.vision_tower.vision_tower.vision_model.encoder.layers.21.mlp.fc1.bias', 'model.vision_tower.vision_tower.vision_model.encoder.layers.13.layer_norm2.bias', 'model.vision_tower.vision_tower.vision_model.encoder.layers.6.mlp.fc1.weight', 'model.vision_tower.vision_tower.vision_model.encoder.layers.22.mlp.fc1.bias', 'model.vision_tower.vision_tower.vision_model.encoder.layers.5.self_attn.v_proj.weight', 'model.vision_tower.vision_tower.vision_model.encoder.layers.15.self_attn.q_proj.bias', 'model.vision_tower.vision_tower.vision_model.encoder.layers.12.mlp.fc1.bias', 'model.vision_tower.vision_tower.vision_model.encoder.layers.2.self_attn.out_proj.bias', 'model.vision_tower.vision_tower.vision_model.encoder.layers.4.mlp.fc2.bias', 'model.vision_tower.vision_tower.vision_model.encoder.layers.4.self_attn.q_proj.bias', 'model.vision_tower.vision_tower.vision_model.encoder.layers.15.mlp.fc1.bias', 'model.vision_tower.vision_tower.vision_model.pre_layrnorm.weight', 'model.vision_tower.vision_tower.vision_model.encoder.layers.23.layer_norm2.weight', 'model.vision_tower.vision_tower.vision_model.embeddings.patch_embedding.weight', 'model.vision_tower.vision_tower.vision_model.encoder.layers.2.mlp.fc1.weight', 'model.vision_tower.vision_tower.vision_model.encoder.layers.19.layer_norm2.weight', 'model.vision_tower.vision_tower.vision_model.encoder.layers.18.self_attn.v_proj.weight', 'model.vision_tower.vision_tower.vision_model.encoder.layers.8.self_attn.k_proj.weight', 'model.vision_tower.vision_tower.vision_model.encoder.layers.9.mlp.fc1.weight', 'model.vision_tower.vision_tower.vision_model.encoder.layers.16.layer_norm1.bias', 'model.vision_tower.vision_tower.vision_model.encoder.layers.16.layer_norm1.weight', 'model.vision_tower.vision_tower.vision_model.encoder.layers.6.mlp.fc2.weight', 'model.vision_tower.vision_tower.vision_model.encoder.layers.6.mlp.fc2.bias', 'model.vision_tower.vision_tower.vision_model.encoder.layers.10.mlp.fc1.bias', 'model.vision_tower.vision_tower.vision_model.encoder.layers.14.self_attn.out_proj.bias', 'model.vision_tower.vision_tower.vision_model.encoder.layers.9.layer_norm1.bias', 'model.vision_tower.vision_tower.vision_model.post_layernorm.bias', 'model.vision_tower.vision_tower.vision_model.encoder.layers.0.layer_norm1.weight', 'model.vision_tower.vision_tower.vision_model.encoder.layers.9.self_attn.k_proj.bias', 'model.vision_tower.vision_tower.vision_model.encoder.layers.14.self_attn.out_proj.weight', 'model.vision_tower.vision_tower.vision_model.encoder.layers.16.self_attn.out_proj.weight', 'model.vision_tower.vision_tower.vision_model.encoder.layers.6.self_attn.out_proj.weight', 'model.vision_tower.vision_tower.vision_model.encoder.layers.11.layer_norm1.weight', 'model.vision_tower.vision_tower.vision_model.encoder.layers.12.self_attn.v_proj.bias', 'model.vision_tower.vision_tower.vision_model.encoder.layers.0.mlp.fc2.bias', 'model.vision_tower.vision_tower.vision_model.encoder.layers.20.self_attn.q_proj.bias', 'model.vision_tower.vision_tower.vision_model.encoder.layers.23.layer_norm2.bias', 'model.vision_tower.vision_tower.vision_model.encoder.layers.22.layer_norm1.bias', 'model.vision_tower.vision_tower.vision_model.encoder.layers.4.mlp.fc2.weight', 'model.vision_tower.vision_tower.vision_model.encoder.layers.14.mlp.fc1.weight', 'model.vision_tower.vision_tower.vision_model.encoder.layers.8.self_attn.out_proj.weight', 'model.vision_tower.vision_tower.vision_model.encoder.layers.19.self_attn.k_proj.bias', 'model.vision_tower.vision_tower.vision_model.encoder.layers.20.mlp.fc2.bias', 'model.vision_tower.vision_tower.vision_model.encoder.layers.7.self_attn.out_proj.bias', 'model.vision_tower.vision_tower.vision_model.encoder.layers.7.self_attn.out_proj.weight', 'model.vision_tower.vision_tower.vision_model.encoder.layers.13.self_attn.k_proj.weight', 'model.vision_tower.vision_tower.vision_model.encoder.layers.23.mlp.fc2.bias', 'model.vision_tower.vision_tower.vision_model.encoder.layers.15.mlp.fc1.weight', 'model.vision_tower.vision_tower.vision_model.encoder.layers.12.self_attn.k_proj.bias', 'model.vision_tower.vision_tower.vision_model.encoder.layers.17.self_attn.q_proj.weight', 'model.vision_tower.vision_tower.vision_model.encoder.layers.11.mlp.fc1.bias', 'model.vision_tower.vision_tower.vision_model.encoder.layers.3.mlp.fc2.bias', 'model.vision_tower.vision_tower.vision_model.encoder.layers.8.self_attn.k_proj.bias', 'model.vision_tower.vision_tower.vision_model.encoder.layers.10.layer_norm1.weight', 'model.vision_tower.vision_tower.vision_model.encoder.layers.2.self_attn.k_proj.weight', 'model.vision_tower.vision_tower.vision_model.encoder.layers.14.layer_norm1.weight', 'model.vision_tower.vision_tower.vision_model.encoder.layers.11.self_attn.v_proj.bias', 'model.vision_tower.vision_tower.vision_model.encoder.layers.12.layer_norm2.bias', 'model.vision_tower.vision_tower.vision_model.encoder.layers.15.self_attn.q_proj.weight', 'model.vision_tower.vision_tower.vision_model.encoder.layers.11.layer_norm2.bias', 'model.vision_tower.vision_tower.vision_model.encoder.layers.17.self_attn.out_proj.bias', 'model.vision_tower.vision_tower.vision_model.encoder.layers.15.layer_norm1.bias', 'model.vision_tower.vision_tower.vision_model.encoder.layers.21.self_attn.q_proj.bias', 'model.vision_tower.vision_tower.vision_model.encoder.layers.18.mlp.fc2.bias', 'model.vision_tower.vision_tower.vision_model.encoder.layers.16.layer_norm2.weight', 'model.vision_tower.vision_tower.vision_model.encoder.layers.4.mlp.fc1.bias', 'model.vision_tower.vision_tower.vision_model.encoder.layers.6.layer_norm2.weight', 'model.vision_tower.vision_tower.vision_model.encoder.layers.7.layer_norm2.bias', 'model.vision_tower.vision_tower.vision_model.encoder.layers.21.self_attn.k_proj.weight', 'model.vision_tower.vision_tower.vision_model.encoder.layers.8.self_attn.out_proj.bias', 'model.vision_tower.vision_tower.vision_model.encoder.layers.12.self_attn.v_proj.weight', 'model.vision_tower.vision_tower.vision_model.encoder.layers.13.mlp.fc1.weight', 'model.vision_tower.vision_tower.vision_model.encoder.layers.10.self_attn.v_proj.weight', 'model.vision_tower.vision_tower.vision_model.encoder.layers.16.self_attn.q_proj.bias', 'model.vision_tower.vision_tower.vision_model.encoder.layers.17.layer_norm2.bias', 'model.vision_tower.vision_tower.vision_model.encoder.layers.1.self_attn.k_proj.weight', 'model.vision_tower.vision_tower.vision_model.encoder.layers.18.self_attn.k_proj.weight', 'model.vision_tower.vision_tower.vision_model.encoder.layers.7.layer_norm1.weight', 'model.vision_tower.vision_tower.vision_model.encoder.layers.8.mlp.fc1.bias', 'model.vision_tower.vision_tower.vision_model.encoder.layers.1.self_attn.v_proj.weight', 'model.vision_tower.vision_tower.vision_model.encoder.layers.21.mlp.fc1.weight', 'model.vision_tower.vision_tower.vision_model.encoder.layers.4.self_attn.out_proj.bias', 'model.vision_tower.vision_tower.vision_model.encoder.layers.12.mlp.fc2.bias', 'model.vision_tower.vision_tower.vision_model.encoder.layers.3.layer_norm1.weight', 'model.vision_tower.vision_tower.vision_model.encoder.layers.19.layer_norm2.bias', 'model.vision_tower.vision_tower.vision_model.encoder.layers.19.mlp.fc1.bias', 'model.vision_tower.vision_tower.vision_model.encoder.layers.6.self_attn.k_proj.weight', 'model.vision_tower.vision_tower.vision_model.encoder.layers.12.mlp.fc1.weight', 'model.vision_tower.vision_tower.vision_model.encoder.layers.12.mlp.fc2.weight', 'model.vision_tower.vision_tower.vision_model.encoder.layers.16.mlp.fc2.weight', 'model.vision_tower.vision_tower.vision_model.encoder.layers.22.self_attn.v_proj.bias', 'model.vision_tower.vision_tower.vision_model.encoder.layers.22.self_attn.out_proj.bias', 'model.vision_tower.vision_tower.vision_model.encoder.layers.22.self_attn.k_proj.bias', 'model.vision_tower.vision_tower.vision_model.encoder.layers.10.mlp.fc2.bias', 'model.vision_tower.vision_tower.vision_model.encoder.layers.20.mlp.fc1.weight', 'model.vision_tower.vision_tower.vision_model.encoder.layers.20.self_attn.out_proj.bias', 'model.vision_tower.vision_tower.vision_model.encoder.layers.23.self_attn.q_proj.bias', 'model.vision_tower.vision_tower.vision_model.encoder.layers.5.self_attn.v_proj.bias', 'model.vision_tower.vision_tower.vision_model.encoder.layers.1.layer_norm1.weight', 'model.vision_tower.vision_tower.vision_model.encoder.layers.23.self_attn.k_proj.bias', 'model.vision_tower.vision_tower.vision_model.encoder.layers.18.layer_norm1.weight', 'model.vision_tower.vision_tower.vision_model.encoder.layers.10.mlp.fc1.weight', 'model.vision_tower.vision_tower.vision_model.encoder.layers.9.mlp.fc2.bias', 'model.vision_tower.vision_tower.vision_model.encoder.layers.2.layer_norm2.weight', 'model.vision_tower.vision_tower.vision_model.encoder.layers.3.mlp.fc1.weight', 'model.vision_tower.vision_tower.vision_model.encoder.layers.22.self_attn.q_proj.bias', 'model.vision_tower.vision_tower.vision_model.encoder.layers.4.layer_norm1.bias', 'model.vision_tower.vision_tower.vision_model.encoder.layers.19.self_attn.v_proj.bias', 'model.vision_tower.vision_tower.vision_model.encoder.layers.22.layer_norm2.weight', 'model.vision_tower.vision_tower.vision_model.encoder.layers.5.self_attn.k_proj.bias', 'model.vision_tower.vision_tower.vision_model.encoder.layers.19.layer_norm1.bias', 'model.vision_tower.vision_tower.vision_model.encoder.layers.2.self_attn.v_proj.weight', 'model.vision_tower.vision_tower.vision_model.encoder.layers.0.mlp.fc2.weight', 'model.vision_tower.vision_tower.vision_model.encoder.layers.1.self_attn.q_proj.bias', 'model.vision_tower.vision_tower.vision_model.encoder.layers.1.self_attn.out_proj.bias', 'model.vision_tower.vision_tower.vision_model.encoder.layers.4.self_attn.k_proj.weight', 'model.vision_tower.vision_tower.vision_model.encoder.layers.11.self_attn.v_proj.weight', 'model.vision_tower.vision_tower.vision_model.encoder.layers.23.layer_norm1.bias', 'model.vision_tower.vision_tower.vision_model.encoder.layers.18.self_attn.v_proj.bias', 'model.vision_tower.vision_tower.vision_model.encoder.layers.12.layer_norm2.weight', 'model.vision_tower.vision_tower.vision_model.encoder.layers.7.mlp.fc1.weight', 'model.vision_tower.vision_tower.vision_model.encoder.layers.22.mlp.fc2.bias', 'model.vision_tower.vision_tower.vision_model.post_layernorm.weight', 'model.vision_tower.vision_tower.vision_model.encoder.layers.17.layer_norm1.bias', 'model.vision_tower.vision_tower.vision_model.encoder.layers.7.mlp.fc2.weight', 'model.vision_tower.vision_tower.vision_model.encoder.layers.12.self_attn.k_proj.weight', 'model.vision_tower.vision_tower.vision_model.encoder.layers.7.self_attn.q_proj.weight', 'model.vision_tower.vision_tower.vision_model.encoder.layers.20.self_attn.out_proj.weight', 'model.vision_tower.vision_tower.vision_model.encoder.layers.1.self_attn.v_proj.bias', 'model.vision_tower.vision_tower.vision_model.encoder.layers.10.self_attn.q_proj.bias', 'model.vision_tower.vision_tower.vision_model.encoder.layers.5.layer_norm1.weight', 'model.vision_tower.vision_tower.vision_model.encoder.layers.7.mlp.fc1.bias', 'model.vision_tower.vision_tower.vision_model.encoder.layers.3.self_attn.q_proj.bias', 'model.vision_tower.vision_tower.vision_model.encoder.layers.18.mlp.fc1.weight', 'model.vision_tower.vision_tower.vision_model.encoder.layers.13.self_attn.v_proj.weight', 'model.vision_tower.vision_tower.vision_model.encoder.layers.7.self_attn.k_proj.weight', 'model.vision_tower.vision_tower.vision_model.encoder.layers.16.self_attn.v_proj.bias', 'model.vision_tower.vision_tower.vision_model.encoder.layers.3.self_attn.v_proj.bias', 'model.vision_tower.vision_tower.vision_model.encoder.layers.20.layer_norm1.weight', 'model.vision_tower.vision_tower.vision_model.encoder.layers.19.self_attn.v_proj.weight', 'model.vision_tower.vision_tower.vision_model.encoder.layers.21.self_attn.v_proj.bias', 'model.vision_tower.vision_tower.vision_model.encoder.layers.6.layer_norm2.bias', 'model.vision_tower.vision_tower.vision_model.encoder.layers.6.self_attn.q_proj.weight', 'model.vision_tower.vision_tower.vision_model.encoder.layers.4.layer_norm1.weight', 'model.vision_tower.vision_tower.vision_model.encoder.layers.6.self_attn.v_proj.weight', 'model.vision_tower.vision_tower.vision_model.encoder.layers.2.layer_norm2.bias', 'model.vision_tower.vision_tower.vision_model.encoder.layers.0.self_attn.q_proj.weight', 'model.vision_tower.vision_tower.vision_model.encoder.layers.0.self_attn.out_proj.bias', 'model.vision_tower.vision_tower.vision_model.encoder.layers.2.self_attn.k_proj.bias', 'model.vision_tower.vision_tower.vision_model.embeddings.position_embedding.weight', 'model.vision_tower.vision_tower.vision_model.encoder.layers.1.mlp.fc2.weight', 'model.vision_tower.vision_tower.vision_model.encoder.layers.3.self_attn.k_proj.bias', 'model.vision_tower.vision_tower.vision_model.encoder.layers.8.layer_norm1.weight', 'model.vision_tower.vision_tower.vision_model.encoder.layers.3.self_attn.k_proj.weight', 'model.vision_tower.vision_tower.vision_model.encoder.layers.7.self_attn.v_proj.bias', 'model.vision_tower.vision_tower.vision_model.encoder.layers.21.layer_norm1.weight', 'model.vision_tower.vision_tower.vision_model.encoder.layers.13.self_attn.q_proj.bias', 'model.vision_tower.vision_tower.vision_model.encoder.layers.13.layer_norm1.weight', 'model.vision_tower.vision_tower.vision_model.encoder.layers.23.self_attn.out_proj.weight', 'model.vision_tower.vision_tower.vision_model.encoder.layers.4.self_attn.out_proj.weight', 'model.vision_tower.vision_tower.vision_model.encoder.layers.8.mlp.fc2.bias', 'model.vision_tower.vision_tower.vision_model.encoder.layers.1.layer_norm2.weight', 'model.vision_tower.vision_tower.vision_model.encoder.layers.14.mlp.fc2.bias', 'model.vision_tower.vision_tower.vision_model.encoder.layers.2.mlp.fc1.bias', 'model.vision_tower.vision_tower.vision_model.encoder.layers.18.layer_norm1.bias', 'model.vision_tower.vision_tower.vision_model.encoder.layers.5.layer_norm1.bias', 'model.vision_tower.vision_tower.vision_model.encoder.layers.3.self_attn.v_proj.weight', 'model.vision_tower.vision_tower.vision_model.encoder.layers.21.mlp.fc2.bias', 'model.vision_tower.vision_tower.vision_model.encoder.layers.0.self_attn.q_proj.bias', 'model.vision_tower.vision_tower.vision_model.encoder.layers.20.self_attn.k_proj.weight', 'model.vision_tower.vision_tower.vision_model.encoder.layers.16.mlp.fc1.bias', 'model.vision_tower.vision_tower.vision_model.encoder.layers.18.self_attn.out_proj.weight', 'model.vision_tower.vision_tower.vision_model.encoder.layers.4.mlp.fc1.weight', 'model.vision_tower.vision_tower.vision_model.encoder.layers.14.mlp.fc1.bias', 'model.vision_tower.vision_tower.vision_model.encoder.layers.7.layer_norm1.bias', 'model.vision_tower.vision_tower.vision_model.encoder.layers.18.self_attn.q_proj.weight', 'model.vision_tower.vision_tower.vision_model.encoder.layers.5.self_attn.out_proj.weight', 'model.vision_tower.vision_tower.vision_model.encoder.layers.1.self_attn.q_proj.weight', 'model.vision_tower.vision_tower.vision_model.encoder.layers.6.mlp.fc1.bias', 'model.vision_tower.vision_tower.vision_model.encoder.layers.2.mlp.fc2.bias', 'model.vision_tower.vision_tower.vision_model.encoder.layers.5.mlp.fc1.weight', 'model.vision_tower.vision_tower.vision_model.encoder.layers.14.self_attn.k_proj.weight', 'model.vision_tower.vision_tower.vision_model.encoder.layers.18.mlp.fc2.weight', 'model.vision_tower.vision_tower.vision_model.encoder.layers.11.mlp.fc2.weight', 'model.vision_tower.vision_tower.vision_model.encoder.layers.11.self_attn.k_proj.weight', 'model.vision_tower.vision_tower.vision_model.encoder.layers.3.mlp.fc1.bias', 'model.vision_tower.vision_tower.vision_model.encoder.layers.10.layer_norm1.bias', 'model.vision_tower.vision_tower.vision_model.encoder.layers.23.self_attn.k_proj.weight', 'model.vision_tower.vision_tower.vision_model.embeddings.class_embedding', 'model.vision_tower.vision_tower.vision_model.encoder.layers.1.layer_norm2.bias', 'model.vision_tower.vision_tower.vision_model.encoder.layers.6.self_attn.v_proj.bias', 'model.vision_tower.vision_tower.vision_model.encoder.layers.17.mlp.fc2.weight', 'model.vision_tower.vision_tower.vision_model.encoder.layers.22.layer_norm2.bias', 'model.vision_tower.vision_tower.vision_model.encoder.layers.8.layer_norm2.weight', 'model.vision_tower.vision_tower.vision_model.encoder.layers.10.self_attn.k_proj.weight', 'model.vision_tower.vision_tower.vision_model.encoder.layers.8.mlp.fc2.weight', 'model.vision_tower.vision_tower.vision_model.encoder.layers.15.self_attn.out_proj.weight', 'model.vision_tower.vision_tower.vision_model.encoder.layers.12.layer_norm1.weight', 'model.vision_tower.vision_tower.vision_model.encoder.layers.6.self_attn.out_proj.bias', 'model.vision_tower.vision_tower.vision_model.encoder.layers.19.self_attn.q_proj.weight', 'model.vision_tower.vision_tower.vision_model.encoder.layers.15.mlp.fc2.bias', 'model.vision_tower.vision_tower.vision_model.encoder.layers.1.mlp.fc1.bias', 'model.vision_tower.vision_tower.vision_model.encoder.layers.17.self_attn.out_proj.weight', 'model.vision_tower.vision_tower.vision_model.encoder.layers.5.self_attn.q_proj.bias', 'model.vision_tower.vision_tower.vision_model.encoder.layers.17.self_attn.k_proj.weight', 'model.vision_tower.vision_tower.vision_model.encoder.layers.16.mlp.fc2.bias', 'model.vision_tower.vision_tower.vision_model.encoder.layers.18.self_attn.out_proj.bias', 'model.vision_tower.vision_tower.vision_model.encoder.layers.3.layer_norm2.weight', 'model.vision_tower.vision_tower.vision_model.encoder.layers.1.layer_norm1.bias', 'model.vision_tower.vision_tower.vision_model.encoder.layers.20.layer_norm2.weight', 'model.vision_tower.vision_tower.vision_model.encoder.layers.9.mlp.fc2.weight', 'model.vision_tower.vision_tower.vision_model.encoder.layers.23.mlp.fc1.bias', 'model.vision_tower.vision_tower.vision_model.encoder.layers.5.mlp.fc2.bias', 'model.vision_tower.vision_tower.vision_model.encoder.layers.7.self_attn.q_proj.bias', 'model.vision_tower.vision_tower.vision_model.encoder.layers.8.mlp.fc1.weight', 'model.vision_tower.vision_tower.vision_model.encoder.layers.3.mlp.fc2.weight', 'model.vision_tower.vision_tower.vision_model.encoder.layers.20.self_attn.v_proj.weight', 'model.vision_tower.vision_tower.vision_model.encoder.layers.1.mlp.fc2.bias', 'model.vision_tower.vision_tower.vision_model.encoder.layers.4.self_attn.v_proj.bias', 'model.vision_tower.vision_tower.vision_model.encoder.layers.12.self_attn.out_proj.weight', 'model.vision_tower.vision_tower.vision_model.encoder.layers.8.layer_norm1.bias', 'model.vision_tower.vision_tower.vision_model.encoder.layers.13.mlp.fc2.weight', 'model.vision_tower.vision_tower.vision_model.encoder.layers.9.self_attn.out_proj.weight', 'model.vision_tower.vision_tower.vision_model.encoder.layers.14.self_attn.q_proj.weight', 'model.vision_tower.vision_tower.vision_model.encoder.layers.13.mlp.fc1.bias', 'model.vision_tower.vision_tower.vision_model.encoder.layers.12.self_attn.q_proj.bias', 'model.vision_tower.vision_tower.vision_model.encoder.layers.0.layer_norm1.bias', 'model.vision_tower.vision_tower.vision_model.encoder.layers.3.layer_norm1.bias', 'model.vision_tower.vision_tower.vision_model.encoder.layers.15.mlp.fc2.weight', 'model.vision_tower.vision_tower.vision_model.encoder.layers.20.self_attn.v_proj.bias', 'model.vision_tower.vision_tower.vision_model.encoder.layers.19.mlp.fc1.weight', 'model.vision_tower.vision_tower.vision_model.encoder.layers.13.layer_norm2.weight', 'model.vision_tower.vision_tower.vision_model.encoder.layers.12.self_attn.q_proj.weight', 'model.vision_tower.vision_tower.vision_model.encoder.layers.0.self_attn.k_proj.bias', 'model.vision_tower.vision_tower.vision_model.encoder.layers.9.self_attn.q_proj.weight', 'model.vision_tower.vision_tower.vision_model.encoder.layers.18.self_attn.q_proj.bias', 'model.vision_tower.vision_tower.vision_model.encoder.layers.23.mlp.fc2.weight', 'model.vision_tower.vision_tower.vision_model.encoder.layers.22.mlp.fc2.weight', 'model.vision_tower.vision_tower.vision_model.encoder.layers.9.mlp.fc1.bias', 'model.vision_tower.vision_tower.vision_model.encoder.layers.21.layer_norm1.bias', 'model.vision_tower.vision_tower.vision_model.encoder.layers.1.self_attn.out_proj.weight', 'model.vision_tower.vision_tower.vision_model.encoder.layers.11.layer_norm2.weight', 'model.vision_tower.vision_tower.vision_model.encoder.layers.1.self_attn.k_proj.bias', 'model.vision_tower.vision_tower.vision_model.encoder.layers.23.mlp.fc1.weight', 'model.vision_tower.vision_tower.vision_model.encoder.layers.3.self_attn.out_proj.weight', 'model.vision_tower.vision_tower.vision_model.encoder.layers.9.self_attn.v_proj.weight', 'model.vision_tower.vision_tower.vision_model.encoder.layers.9.self_attn.out_proj.bias', 'model.vision_tower.vision_tower.vision_model.encoder.layers.13.self_attn.out_proj.bias', 'model.vision_tower.vision_tower.vision_model.encoder.layers.21.self_attn.out_proj.bias', 'model.vision_tower.vision_tower.vision_model.encoder.layers.8.self_attn.v_proj.weight', 'model.vision_tower.vision_tower.vision_model.encoder.layers.20.layer_norm2.bias', 'model.vision_tower.vision_tower.vision_model.encoder.layers.17.self_attn.v_proj.weight', 'model.vision_tower.vision_tower.vision_model.encoder.layers.22.self_attn.v_proj.weight', 'model.vision_tower.vision_tower.vision_model.encoder.layers.22.layer_norm1.weight', 'model.vision_tower.vision_tower.vision_model.encoder.layers.2.self_attn.v_proj.bias', 'model.vision_tower.vision_tower.vision_model.encoder.layers.0.mlp.fc1.bias', 'model.vision_tower.vision_tower.vision_model.encoder.layers.8.self_attn.q_proj.weight', 'model.vision_tower.vision_tower.vision_model.encoder.layers.9.layer_norm2.bias', 'model.vision_tower.vision_tower.vision_model.encoder.layers.23.layer_norm1.weight', 'model.vision_tower.vision_tower.vision_model.encoder.layers.15.self_attn.v_proj.bias', 'model.vision_tower.vision_tower.vision_model.encoder.layers.15.layer_norm2.bias', 'model.vision_tower.vision_tower.vision_model.encoder.layers.17.mlp.fc1.weight', 'model.vision_tower.vision_tower.vision_model.encoder.layers.13.self_attn.k_proj.bias', 'model.vision_tower.vision_tower.vision_model.encoder.layers.15.layer_norm2.weight', 'model.vision_tower.vision_tower.vision_model.encoder.layers.11.self_attn.out_proj.bias', 'model.vision_tower.vision_tower.vision_model.encoder.layers.9.self_attn.q_proj.bias', 'model.vision_tower.vision_tower.vision_model.encoder.layers.4.layer_norm2.bias', 'model.vision_tower.vision_tower.vision_model.encoder.layers.14.self_attn.k_proj.bias', 'model.vision_tower.vision_tower.vision_model.encoder.layers.23.self_attn.v_proj.bias', 'model.vision_tower.vision_tower.vision_model.encoder.layers.10.self_attn.out_proj.weight', 'model.vision_tower.vision_tower.vision_model.encoder.layers.18.layer_norm2.bias', 'model.vision_tower.vision_tower.vision_model.encoder.layers.22.mlp.fc1.weight', 'model.vision_tower.vision_tower.vision_model.encoder.layers.11.layer_norm1.bias', 'model.vision_tower.vision_tower.vision_model.encoder.layers.13.self_attn.v_proj.bias', 'model.vision_tower.vision_tower.vision_model.encoder.layers.4.self_attn.q_proj.weight', 'model.vision_tower.vision_tower.vision_model.encoder.layers.6.layer_norm1.bias', 'model.vision_tower.vision_tower.vision_model.encoder.layers.15.self_attn.v_proj.weight', 'model.vision_tower.vision_tower.vision_model.encoder.layers.11.self_attn.k_proj.bias', 'model.vision_tower.vision_tower.vision_model.encoder.layers.21.self_attn.k_proj.bias', 'model.vision_tower.vision_tower.vision_model.encoder.layers.14.mlp.fc2.weight', 'model.vision_tower.vision_tower.vision_model.encoder.layers.4.self_attn.v_proj.weight', 'model.vision_tower.vision_tower.vision_model.encoder.layers.6.self_attn.k_proj.bias', 'model.vision_tower.vision_tower.vision_model.encoder.layers.8.self_attn.v_proj.bias', 'model.vision_tower.vision_tower.vision_model.encoder.layers.13.layer_norm1.bias', 'model.vision_tower.vision_tower.vision_model.encoder.layers.1.mlp.fc1.weight', 'model.vision_tower.vision_tower.vision_model.encoder.layers.2.self_attn.out_proj.weight', 'model.vision_tower.vision_tower.vision_model.encoder.layers.15.self_attn.out_proj.bias', 'model.vision_tower.vision_tower.vision_model.encoder.layers.7.self_attn.k_proj.bias', 'model.vision_tower.vision_tower.vision_model.encoder.layers.17.layer_norm1.weight', 'model.vision_tower.vision_tower.vision_model.encoder.layers.22.self_attn.out_proj.weight', 'model.vision_tower.vision_tower.vision_model.encoder.layers.16.self_attn.k_proj.bias', 'model.vision_tower.vision_tower.vision_model.encoder.layers.13.mlp.fc2.bias', 'model.vision_tower.vision_tower.vision_model.encoder.layers.22.self_attn.k_proj.weight', 'model.vision_tower.vision_tower.vision_model.encoder.layers.0.mlp.fc1.weight', 'model.vision_tower.vision_tower.vision_model.encoder.layers.20.mlp.fc2.weight', 'model.vision_tower.vision_tower.vision_model.encoder.layers.21.layer_norm2.bias', 'model.vision_tower.vision_tower.vision_model.encoder.layers.17.layer_norm2.weight', 'model.vision_tower.vision_tower.vision_model.encoder.layers.19.mlp.fc2.weight', 'model.vision_tower.vision_tower.vision_model.encoder.layers.9.self_attn.v_proj.bias', 'model.vision_tower.vision_tower.vision_model.encoder.layers.10.self_attn.v_proj.bias', 'model.vision_tower.vision_tower.vision_model.encoder.layers.14.layer_norm2.bias', 'model.vision_tower.vision_tower.vision_model.encoder.layers.21.self_attn.out_proj.weight', 'model.vision_tower.vision_tower.vision_model.encoder.layers.16.self_attn.q_proj.weight', 'model.vision_tower.vision_tower.vision_model.encoder.layers.7.self_attn.v_proj.weight', 'model.vision_tower.vision_tower.vision_model.encoder.layers.19.layer_norm1.weight', 'model.vision_tower.vision_tower.vision_model.encoder.layers.5.layer_norm2.weight', 'model.vision_tower.vision_tower.vision_model.encoder.layers.8.self_attn.q_proj.bias', 'model.vision_tower.vision_tower.vision_model.encoder.layers.19.self_attn.out_proj.weight', 'model.vision_tower.vision_tower.vision_model.encoder.layers.11.self_attn.q_proj.bias', 'model.vision_tower.vision_tower.vision_model.encoder.layers.5.layer_norm2.bias', 'model.vision_tower.vision_tower.vision_model.encoder.layers.15.self_attn.k_proj.weight', 'model.vision_tower.vision_tower.vision_model.encoder.layers.11.self_attn.out_proj.weight', 'model.vision_tower.vision_tower.vision_model.encoder.layers.17.self_attn.k_proj.bias', 'model.vision_tower.vision_tower.vision_model.encoder.layers.0.self_attn.k_proj.weight', 'model.vision_tower.vision_tower.vision_model.encoder.layers.12.layer_norm1.bias', 'model.vision_tower.vision_tower.vision_model.encoder.layers.17.self_attn.q_proj.bias', 'model.vision_tower.vision_tower.vision_model.encoder.layers.10.self_attn.k_proj.bias', 'model.vision_tower.vision_tower.vision_model.encoder.layers.14.self_attn.v_proj.weight', 'model.vision_tower.vision_tower.vision_model.encoder.layers.14.layer_norm1.bias', 'model.vision_tower.vision_tower.vision_model.encoder.layers.13.self_attn.out_proj.weight', 'model.vision_tower.vision_tower.vision_model.encoder.layers.21.layer_norm2.weight', 'model.vision_tower.vision_tower.vision_model.encoder.layers.3.self_attn.out_proj.bias', 'model.vision_tower.vision_tower.vision_model.encoder.layers.0.self_attn.v_proj.weight', 'model.vision_tower.vision_tower.vision_model.encoder.layers.7.layer_norm2.weight', 'model.vision_tower.vision_tower.vision_model.encoder.layers.17.self_attn.v_proj.bias', 'model.vision_tower.vision_tower.vision_model.encoder.layers.20.self_attn.k_proj.bias', 'model.vision_tower.vision_tower.vision_model.encoder.layers.19.self_attn.out_proj.bias', 'model.vision_tower.vision_tower.vision_model.encoder.layers.9.layer_norm2.weight', 'model.vision_tower.vision_tower.vision_model.encoder.layers.9.layer_norm1.weight', 'model.vision_tower.vision_tower.vision_model.encoder.layers.0.layer_norm2.bias', 'model.vision_tower.vision_tower.vision_model.encoder.layers.18.self_attn.k_proj.bias', 'model.vision_tower.vision_tower.vision_model.encoder.layers.16.layer_norm2.bias', 'model.vision_tower.vision_tower.vision_model.encoder.layers.2.self_attn.q_proj.weight', 'model.vision_tower.vision_tower.vision_model.encoder.layers.8.layer_norm2.bias', 'model.vision_tower.vision_tower.vision_model.encoder.layers.0.layer_norm2.weight', 'model.vision_tower.vision_tower.vision_model.encoder.layers.17.mlp.fc1.bias', 'model.vision_tower.vision_tower.vision_model.encoder.layers.17.mlp.fc2.bias', 'model.vision_tower.vision_tower.vision_model.encoder.layers.21.self_attn.q_proj.weight', 'model.vision_tower.vision_tower.vision_model.encoder.layers.3.self_attn.q_proj.weight', 'model.vision_tower.vision_tower.vision_model.encoder.layers.5.mlp.fc2.weight', 'model.vision_tower.vision_tower.vision_model.encoder.layers.19.self_attn.q_proj.bias', 'model.vision_tower.vision_tower.vision_model.encoder.layers.10.layer_norm2.bias', 'model.vision_tower.vision_tower.vision_model.encoder.layers.5.mlp.fc1.bias', 'model.vision_tower.vision_tower.vision_model.encoder.layers.16.self_attn.out_proj.bias', 'model.vision_tower.vision_tower.vision_model.encoder.layers.11.mlp.fc1.weight', 'model.vision_tower.vision_tower.vision_model.encoder.layers.10.self_attn.out_proj.bias', 'model.vision_tower.vision_tower.vision_model.encoder.layers.19.mlp.fc2.bias', 'model.vision_tower.vision_tower.vision_model.encoder.layers.18.layer_norm2.weight', 'model.vision_tower.vision_tower.vision_model.encoder.layers.19.self_attn.k_proj.weight', 'model.vision_tower.vision_tower.vision_model.encoder.layers.16.self_attn.k_proj.weight', 'model.vision_tower.vision_tower.vision_model.encoder.layers.2.layer_norm1.weight', 'model.vision_tower.vision_tower.vision_model.encoder.layers.22.self_attn.q_proj.weight', 'model.vision_tower.vision_tower.vision_model.encoder.layers.10.layer_norm2.weight']
- This IS expected if you are initializing LlavaLlamaForCausalLM from the checkpoint of a model trained on another task or with another architecture (e.g. initializing a BertForSequenceClassification model from a BertForPreTraining model).
- This IS NOT expected if you are initializing LlavaLlamaForCausalLM from the checkpoint of a model that you expect to be exactly identical (initializing a BertForSequenceClassification model from a BertForSequenceClassification model).
You are resizing the embedding layer without providing a `pad_to_multiple_of` parameter. This means that the new embeding dimension will be 32000. This might induce some performance reduction as *Tensor Cores* will not be available. For more details  about this, or help on choosing the correct value for resizing, refer to this guide: https://docs.nvidia.com/deeplearning/performance/dl-performance-matrix-multiplication/index.html#requirements-tc
📂 Loaded 264 slides to process from /data2/yuhaowang/processed_wsi/slidebench/split_name/slides_part3.txt
⏩ Skipping finished slide: 522
⏩ Skipping finished slide: 523
⏩ Skipping finished slide: 524
⏩ Skipping finished slide: 525
⏩ Skipping finished slide: 526
⏩ Skipping finished slide: 527
⏩ Skipping finished slide: 528
⏩ Skipping finished slide: 529
⏩ Skipping finished slide: 53
⏩ Skipping finished slide: 530
⏩ Skipping finished slide: 531
⏩ Skipping finished slide: 532
⏩ Skipping finished slide: 533
⏩ Skipping finished slide: 534
⏩ Skipping finished slide: 535
⏩ Skipping finished slide: 536
⏩ Skipping finished slide: 537
⏩ Skipping finished slide: 538
⏩ Skipping finished slide: 539
⏩ Skipping finished slide: 54
⏩ Skipping finished slide: 540
⏩ Skipping finished slide: 541
⏩ Skipping finished slide: 542
⏩ Skipping finished slide: 543
⏩ Skipping finished slide: 544
⏩ Skipping finished slide: 545
⏩ Skipping finished slide: 546
⏩ Skipping finished slide: 547
⏩ Skipping finished slide: 548
⏩ Skipping finished slide: 549
⏩ Skipping finished slide: 55
⏩ Skipping finished slide: 550
⏩ Skipping finished slide: 551
⏩ Skipping finished slide: 552
⏩ Skipping finished slide: 553
⏩ Skipping finished slide: 554
⏩ Skipping finished slide: 555
⏩ Skipping finished slide: 556
⏩ Skipping finished slide: 557
⏩ Skipping finished slide: 558
⏩ Skipping finished slide: 559
⏩ Skipping finished slide: 56
⏩ Skipping finished slide: 560
⏩ Skipping finished slide: 561
⏩ Skipping finished slide: 562
⏩ Skipping finished slide: 563
⏩ Skipping finished slide: 564
⏩ Skipping finished slide: 565
⏩ Skipping finished slide: 566
⏩ Skipping finished slide: 567
⏩ Skipping finished slide: 568
⏩ Skipping finished slide: 569
⏩ Skipping finished slide: 57
⏩ Skipping finished slide: 570
⏩ Skipping finished slide: 571
⏩ Skipping finished slide: 572
⏩ Skipping finished slide: 573
⏩ Skipping finished slide: 574
⏩ Skipping finished slide: 575
⏩ Skipping finished slide: 576
⏩ Skipping finished slide: 577
⏩ Skipping finished slide: 578
⏩ Skipping finished slide: 579
⏩ Skipping finished slide: 58
⏩ Skipping finished slide: 580
⏩ Skipping finished slide: 581
⏩ Skipping finished slide: 582
⏩ Skipping finished slide: 583
⏩ Skipping finished slide: 584
⏩ Skipping finished slide: 585
⏩ Skipping finished slide: 586
⏩ Skipping finished slide: 587
⏩ Skipping finished slide: 588
⏩ Skipping finished slide: 589
⏩ Skipping finished slide: 59
⏩ Skipping finished slide: 590
⏩ Skipping finished slide: 591
⏩ Skipping finished slide: 592
⏩ Skipping finished slide: 593
⏩ Skipping finished slide: 594
⏩ Skipping finished slide: 595
⏩ Skipping finished slide: 596
⏩ Skipping finished slide: 597
⏩ Skipping finished slide: 598
⏩ Skipping finished slide: 599
⏩ Skipping finished slide: 6
⏩ Skipping finished slide: 60
⏩ Skipping finished slide: 600
⏩ Skipping finished slide: 601
⏩ Skipping finished slide: 602
⏩ Skipping finished slide: 603
⏩ Skipping finished slide: 604
⏩ Skipping finished slide: 605
⏩ Skipping finished slide: 606
⏩ Skipping finished slide: 607
⏩ Skipping finished slide: 608
⏩ Skipping finished slide: 609
⏩ Skipping finished slide: 61
⏩ Skipping finished slide: 610
⏩ Skipping finished slide: 611
⏩ Skipping finished slide: 612
⏩ Skipping finished slide: 613
⏩ Skipping finished slide: 614
⏩ Skipping finished slide: 615
⏩ Skipping finished slide: 616
⏩ Skipping finished slide: 617
⏩ Skipping finished slide: 619
⏩ Skipping finished slide: 62
⏩ Skipping finished slide: 620
⏩ Skipping finished slide: 621
⏩ Skipping finished slide: 622
⏩ Skipping finished slide: 623
⏩ Skipping finished slide: 624
⏩ Skipping finished slide: 625
⏩ Skipping finished slide: 626
⏩ Skipping finished slide: 627
⏩ Skipping finished slide: 628
⏩ Skipping finished slide: 629
⏩ Skipping finished slide: 63
⏩ Skipping finished slide: 630
⏩ Skipping finished slide: 631
⏩ Skipping finished slide: 632
⏩ Skipping finished slide: 633
⏩ Skipping finished slide: 634
⏩ Skipping finished slide: 635
⏩ Skipping finished slide: 636
⏩ Skipping finished slide: 637
⏩ Skipping finished slide: 638
⏩ Skipping finished slide: 639
⏩ Skipping finished slide: 64
⏩ Skipping finished slide: 640
⏩ Skipping finished slide: 641
⏩ Skipping finished slide: 642
⏩ Skipping finished slide: 643
⏩ Skipping finished slide: 644
⏩ Skipping finished slide: 645
⏩ Skipping finished slide: 646
⏩ Skipping finished slide: 647
⏩ Skipping finished slide: 648
⏩ Skipping finished slide: 649
⏩ Skipping finished slide: 65
⏩ Skipping finished slide: 650
⏩ Skipping finished slide: 651
⏩ Skipping finished slide: 652
⏩ Skipping finished slide: 653
⏩ Skipping finished slide: 654
⏩ Skipping finished slide: 655
⏩ Skipping finished slide: 656
⏩ Skipping finished slide: 657
⏩ Skipping finished slide: 658
⏩ Skipping finished slide: 659
⏩ Skipping finished slide: 66
⏩ Skipping finished slide: 660
⏩ Skipping finished slide: 661
⏩ Skipping finished slide: 662
⏩ Skipping finished slide: 663
⏩ Skipping finished slide: 664
⏩ Skipping finished slide: 665
⏩ Skipping finished slide: 666
⏩ Skipping finished slide: 667
⏩ Skipping finished slide: 668
⏩ Skipping finished slide: 669
⏩ Skipping finished slide: 67
⏩ Skipping finished slide: 670
⏩ Skipping finished slide: 671
⏩ Skipping finished slide: 672
⏩ Skipping finished slide: 673
⏩ Skipping finished slide: 674
⏩ Skipping finished slide: 675
⏩ Skipping finished slide: 676
⏩ Skipping finished slide: 677
⏩ Skipping finished slide: 678
⏩ Skipping finished slide: 679
⏩ Skipping finished slide: 68
⏩ Skipping finished slide: 680
⏩ Skipping finished slide: 681
⏩ Skipping finished slide: 682
⏩ Skipping finished slide: 683
⏩ Skipping finished slide: 684
⏩ Skipping finished slide: 685
⏩ Skipping finished slide: 686
⏩ Skipping finished slide: 687
⏩ Skipping finished slide: 688
⏩ Skipping finished slide: 689
⏩ Skipping finished slide: 69
⏩ Skipping finished slide: 690
⏩ Skipping finished slide: 691
⏩ Skipping finished slide: 692
⏩ Skipping finished slide: 693
⏩ Skipping finished slide: 694
⏩ Skipping finished slide: 695
⏩ Skipping finished slide: 696
⏩ Skipping finished slide: 697
⏩ Skipping finished slide: 698
⏩ Skipping finished slide: 699
⏩ Skipping finished slide: 7
⏩ Skipping finished slide: 70
⏩ Skipping finished slide: 700
⏩ Skipping finished slide: 701
⏩ Skipping finished slide: 702
⏩ Skipping finished slide: 703
⏩ Skipping finished slide: 704
⏩ Skipping finished slide: 705
⏩ Skipping finished slide: 706
⏩ Skipping finished slide: 707
⏩ Skipping finished slide: 708
⏩ Skipping finished slide: 709
⏩ Skipping finished slide: 71
⏩ Skipping finished slide: 710
⏩ Skipping finished slide: 711
⏩ Skipping finished slide: 712
⏩ Skipping finished slide: 713
⏩ Skipping finished slide: 714
⏩ Skipping finished slide: 715
⏩ Skipping finished slide: 716
⏩ Skipping finished slide: 717
⏩ Skipping finished slide: 718
⏩ Skipping finished slide: 719
⏩ Skipping finished slide: 72
⏩ Skipping finished slide: 720
⏩ Skipping finished slide: 721
⏩ Skipping finished slide: 722
⏩ Skipping finished slide: 723
⏩ Skipping finished slide: 724
⏩ Skipping finished slide: 725
⏩ Skipping finished slide: 726
⏩ Skipping finished slide: 727
⏩ Skipping finished slide: 728
⏩ Skipping finished slide: 729
⏩ Skipping finished slide: 73
⏩ Skipping finished slide: 730
⏩ Skipping finished slide: 731
⏩ Skipping finished slide: 732
⏩ Skipping finished slide: 733
⏩ Skipping finished slide: 734
⏩ Skipping finished slide: 735
⏩ Skipping finished slide: 736
⏩ Skipping finished slide: 737
⏩ Skipping finished slide: 738
⏩ Skipping finished slide: 739
⏩ Skipping finished slide: 74
⏩ Skipping finished slide: 740
⏩ Skipping finished slide: 741
⏩ Skipping finished slide: 742
⏩ Skipping finished slide: 743
⏩ Skipping finished slide: 744
⏩ Skipping finished slide: 745
⏩ Skipping finished slide: 746
⏩ Skipping finished slide: 747
⏩ Skipping finished slide: 748
⏩ Skipping finished slide: 749
⏩ Skipping finished slide: 75
⏩ Skipping finished slide: 750
⏩ Skipping finished slide: 751
⏩ Skipping finished slide: 752
⏩ Skipping finished slide: 753
⏩ Skipping finished slide: 754
⏩ Skipping finished slide: 755
⏩ Skipping finished slide: 756
⏩ Skipping finished slide: 757
⏩ Skipping finished slide: 758
⏩ Skipping finished slide: 759
⏩ Skipping finished slide: 76
⏩ Skipping finished slide: 760
