/home/yuhaowang/anaconda3/envs/pathagent/lib/python3.9/site-packages/transformers/utils/generic.py:260: FutureWarning: `torch.utils._pytree._register_pytree_node` is deprecated. Please use `torch.utils._pytree.register_pytree_node` instead.
  torch.utils._pytree._register_pytree_node(
/home/yuhaowang/anaconda3/envs/pathagent/lib/python3.9/site-packages/transformers/utils/generic.py:260: FutureWarning: `torch.utils._pytree._register_pytree_node` is deprecated. Please use `torch.utils._pytree.register_pytree_node` instead.
  torch.utils._pytree._register_pytree_node(
/home/yuhaowang/anaconda3/envs/pathagent/lib/python3.9/site-packages/huggingface_hub/file_download.py:949: FutureWarning: `resume_download` is deprecated and will be removed in version 1.0.0. Downloads always resume when possible. If you want to force a new download, use `force_download=True`.
  warnings.warn(
===== Argument Configuration =====
model_path: /data/yuhaowang/cache/qllava_ckpt
model_base: None
device: cuda
conv_mode: None
temperature: 0.2
max_new_tokens: 512
load_8bit: False
load_4bit: True
debug: False
image_aspect_ratio: pad
image_dir: /data2/yuhaowang/processed_wsi/slidebench/patches_output
output_json: /data2/yuhaowang/processed_wsi/slidebench/desc/patches_descriptions1.json
slide_list: /data2/yuhaowang/processed_wsi/slidebench/split_name/slides_part1.txt
================================

Loading checkpoint shards:   0%|          | 0/2 [00:00<?, ?it/s]Loading checkpoint shards:  50%|█████     | 1/2 [00:15<00:15, 15.67s/it]Loading checkpoint shards: 100%|██████████| 2/2 [00:23<00:00, 10.98s/it]Loading checkpoint shards: 100%|██████████| 2/2 [00:23<00:00, 11.69s/it]
Some weights of the model checkpoint at /data/yuhaowang/cache/qllava_ckpt were not used when initializing LlavaLlamaForCausalLM: ['model.vision_tower.vision_tower.vision_model.encoder.layers.14.layer_norm2.bias', 'model.vision_tower.vision_tower.vision_model.encoder.layers.20.self_attn.out_proj.weight', 'model.vision_tower.vision_tower.vision_model.encoder.layers.8.self_attn.v_proj.bias', 'model.vision_tower.vision_tower.vision_model.encoder.layers.3.self_attn.q_proj.bias', 'model.vision_tower.vision_tower.vision_model.encoder.layers.18.mlp.fc2.weight', 'model.vision_tower.vision_tower.vision_model.encoder.layers.17.self_attn.out_proj.weight', 'model.vision_tower.vision_tower.vision_model.encoder.layers.3.self_attn.out_proj.weight', 'model.vision_tower.vision_tower.vision_model.encoder.layers.16.self_attn.out_proj.weight', 'model.vision_tower.vision_tower.vision_model.encoder.layers.3.self_attn.v_proj.weight', 'model.vision_tower.vision_tower.vision_model.encoder.layers.2.self_attn.q_proj.weight', 'model.vision_tower.vision_tower.vision_model.encoder.layers.1.layer_norm1.weight', 'model.vision_tower.vision_tower.vision_model.encoder.layers.11.mlp.fc2.weight', 'model.vision_tower.vision_tower.vision_model.encoder.layers.5.layer_norm1.weight', 'model.vision_tower.vision_tower.vision_model.encoder.layers.2.layer_norm2.bias', 'model.vision_tower.vision_tower.vision_model.encoder.layers.5.self_attn.k_proj.bias', 'model.vision_tower.vision_tower.vision_model.encoder.layers.15.mlp.fc1.weight', 'model.vision_tower.vision_tower.vision_model.encoder.layers.18.layer_norm1.weight', 'model.vision_tower.vision_tower.vision_model.encoder.layers.19.self_attn.k_proj.weight', 'model.vision_tower.vision_tower.vision_model.encoder.layers.15.layer_norm1.weight', 'model.vision_tower.vision_tower.vision_model.encoder.layers.10.layer_norm1.bias', 'model.vision_tower.vision_tower.vision_model.encoder.layers.4.self_attn.q_proj.bias', 'model.vision_tower.vision_tower.vision_model.encoder.layers.5.self_attn.k_proj.weight', 'model.vision_tower.vision_tower.vision_model.encoder.layers.23.layer_norm1.bias', 'model.vision_tower.vision_tower.vision_model.encoder.layers.21.mlp.fc1.weight', 'model.vision_tower.vision_tower.vision_model.encoder.layers.10.self_attn.q_proj.weight', 'model.vision_tower.vision_tower.vision_model.encoder.layers.14.self_attn.out_proj.bias', 'model.vision_tower.vision_tower.vision_model.encoder.layers.12.layer_norm2.weight', 'model.vision_tower.vision_tower.vision_model.encoder.layers.20.layer_norm1.weight', 'model.vision_tower.vision_tower.vision_model.encoder.layers.5.self_attn.q_proj.weight', 'model.vision_tower.vision_tower.vision_model.encoder.layers.11.mlp.fc1.weight', 'model.vision_tower.vision_tower.vision_model.encoder.layers.12.mlp.fc1.bias', 'model.vision_tower.vision_tower.vision_model.encoder.layers.3.mlp.fc1.weight', 'model.vision_tower.vision_tower.vision_model.encoder.layers.1.self_attn.q_proj.bias', 'model.vision_tower.vision_tower.vision_model.encoder.layers.19.layer_norm2.bias', 'model.vision_tower.vision_tower.vision_model.encoder.layers.5.mlp.fc1.weight', 'model.vision_tower.vision_tower.vision_model.encoder.layers.3.layer_norm2.weight', 'model.vision_tower.vision_tower.vision_model.encoder.layers.16.layer_norm1.weight', 'model.vision_tower.vision_tower.vision_model.encoder.layers.17.layer_norm2.weight', 'model.vision_tower.vision_tower.vision_model.encoder.layers.21.self_attn.k_proj.weight', 'model.vision_tower.vision_tower.vision_model.encoder.layers.12.self_attn.out_proj.weight', 'model.vision_tower.vision_tower.vision_model.encoder.layers.6.layer_norm1.bias', 'model.vision_tower.vision_tower.vision_model.encoder.layers.2.mlp.fc2.weight', 'model.vision_tower.vision_tower.vision_model.encoder.layers.16.mlp.fc2.bias', 'model.vision_tower.vision_tower.vision_model.encoder.layers.12.self_attn.out_proj.bias', 'model.vision_tower.vision_tower.vision_model.encoder.layers.23.self_attn.k_proj.bias', 'model.vision_tower.vision_tower.vision_model.encoder.layers.4.layer_norm1.bias', 'model.vision_tower.vision_tower.vision_model.encoder.layers.4.self_attn.out_proj.bias', 'model.vision_tower.vision_tower.vision_model.encoder.layers.6.self_attn.q_proj.weight', 'model.vision_tower.vision_tower.vision_model.encoder.layers.23.self_attn.out_proj.weight', 'model.vision_tower.vision_tower.vision_model.encoder.layers.20.self_attn.v_proj.weight', 'model.vision_tower.vision_tower.vision_model.encoder.layers.0.mlp.fc2.bias', 'model.vision_tower.vision_tower.vision_model.encoder.layers.0.self_attn.k_proj.bias', 'model.vision_tower.vision_tower.vision_model.encoder.layers.3.mlp.fc2.weight', 'model.vision_tower.vision_tower.vision_model.encoder.layers.20.self_attn.q_proj.bias', 'model.vision_tower.vision_tower.vision_model.encoder.layers.10.self_attn.k_proj.weight', 'model.vision_tower.vision_tower.vision_model.encoder.layers.16.self_attn.q_proj.bias', 'model.vision_tower.vision_tower.vision_model.encoder.layers.9.self_attn.q_proj.weight', 'model.vision_tower.vision_tower.vision_model.encoder.layers.9.layer_norm2.weight', 'model.vision_tower.vision_tower.vision_model.encoder.layers.1.self_attn.k_proj.weight', 'model.vision_tower.vision_tower.vision_model.encoder.layers.13.layer_norm1.bias', 'model.vision_tower.vision_tower.vision_model.encoder.layers.0.layer_norm2.weight', 'model.vision_tower.vision_tower.vision_model.encoder.layers.4.mlp.fc1.bias', 'model.vision_tower.vision_tower.vision_model.encoder.layers.10.layer_norm2.bias', 'model.vision_tower.vision_tower.vision_model.encoder.layers.16.mlp.fc1.weight', 'model.vision_tower.vision_tower.vision_model.encoder.layers.7.self_attn.q_proj.bias', 'model.vision_tower.vision_tower.vision_model.encoder.layers.10.mlp.fc2.weight', 'model.vision_tower.vision_tower.vision_model.encoder.layers.11.self_attn.out_proj.bias', 'model.vision_tower.vision_tower.vision_model.encoder.layers.21.mlp.fc2.weight', 'model.vision_tower.vision_tower.vision_model.encoder.layers.19.self_attn.q_proj.weight', 'model.vision_tower.vision_tower.vision_model.encoder.layers.4.self_attn.out_proj.weight', 'model.vision_tower.vision_tower.vision_model.encoder.layers.4.mlp.fc2.weight', 'model.vision_tower.vision_tower.vision_model.encoder.layers.9.self_attn.k_proj.weight', 'model.vision_tower.vision_tower.vision_model.encoder.layers.1.self_attn.v_proj.bias', 'model.vision_tower.vision_tower.vision_model.encoder.layers.0.self_attn.q_proj.weight', 'model.vision_tower.vision_tower.vision_model.pre_layrnorm.bias', 'model.vision_tower.vision_tower.vision_model.encoder.layers.13.layer_norm2.bias', 'model.vision_tower.vision_tower.vision_model.encoder.layers.14.layer_norm1.weight', 'model.vision_tower.vision_tower.vision_model.encoder.layers.21.layer_norm1.bias', 'model.vision_tower.vision_tower.vision_model.encoder.layers.9.self_attn.v_proj.weight', 'model.vision_tower.vision_tower.vision_model.encoder.layers.1.mlp.fc2.bias', 'model.vision_tower.vision_tower.vision_model.encoder.layers.15.self_attn.k_proj.bias', 'model.vision_tower.vision_tower.vision_model.encoder.layers.6.mlp.fc2.weight', 'model.vision_tower.vision_tower.vision_model.encoder.layers.15.layer_norm1.bias', 'model.vision_tower.vision_tower.vision_model.encoder.layers.6.self_attn.q_proj.bias', 'model.vision_tower.vision_tower.vision_model.encoder.layers.1.layer_norm2.weight', 'model.vision_tower.vision_tower.vision_model.encoder.layers.17.layer_norm2.bias', 'model.vision_tower.vision_tower.vision_model.encoder.layers.7.layer_norm2.weight', 'model.vision_tower.vision_tower.vision_model.encoder.layers.15.self_attn.out_proj.weight', 'model.vision_tower.vision_tower.vision_model.encoder.layers.8.self_attn.v_proj.weight', 'model.vision_tower.vision_tower.vision_model.encoder.layers.20.self_attn.out_proj.bias', 'model.vision_tower.vision_tower.vision_model.encoder.layers.1.mlp.fc1.bias', 'model.vision_tower.vision_tower.vision_model.embeddings.position_embedding.weight', 'model.vision_tower.vision_tower.vision_model.encoder.layers.21.self_attn.out_proj.bias', 'model.vision_tower.vision_tower.vision_model.encoder.layers.21.mlp.fc1.bias', 'model.vision_tower.vision_tower.vision_model.encoder.layers.11.layer_norm1.weight', 'model.vision_tower.vision_tower.vision_model.encoder.layers.4.layer_norm2.bias', 'model.vision_tower.vision_tower.vision_model.encoder.layers.7.mlp.fc1.weight', 'model.vision_tower.vision_tower.vision_model.encoder.layers.19.mlp.fc2.bias', 'model.vision_tower.vision_tower.vision_model.encoder.layers.18.self_attn.k_proj.weight', 'model.vision_tower.vision_tower.vision_model.encoder.layers.18.self_attn.v_proj.bias', 'model.vision_tower.vision_tower.vision_model.encoder.layers.12.self_attn.k_proj.weight', 'model.vision_tower.vision_tower.vision_model.encoder.layers.21.self_attn.v_proj.bias', 'model.vision_tower.vision_tower.vision_model.encoder.layers.21.self_attn.v_proj.weight', 'model.vision_tower.vision_tower.vision_model.encoder.layers.13.self_attn.v_proj.weight', 'model.vision_tower.vision_tower.vision_model.encoder.layers.21.mlp.fc2.bias', 'model.vision_tower.vision_tower.vision_model.encoder.layers.6.self_attn.k_proj.bias', 'model.vision_tower.vision_tower.vision_model.encoder.layers.18.mlp.fc1.weight', 'model.vision_tower.vision_tower.vision_model.encoder.layers.22.self_attn.q_proj.bias', 'model.vision_tower.vision_tower.vision_model.encoder.layers.22.self_attn.v_proj.bias', 'model.vision_tower.vision_tower.vision_model.encoder.layers.23.layer_norm2.weight', 'model.vision_tower.vision_tower.vision_model.encoder.layers.11.self_attn.v_proj.bias', 'model.vision_tower.vision_tower.vision_model.encoder.layers.3.self_attn.k_proj.weight', 'model.vision_tower.vision_tower.vision_model.encoder.layers.0.self_attn.v_proj.weight', 'model.vision_tower.vision_tower.vision_model.encoder.layers.14.self_attn.k_proj.bias', 'model.vision_tower.vision_tower.vision_model.encoder.layers.16.self_attn.q_proj.weight', 'model.vision_tower.vision_tower.vision_model.encoder.layers.17.mlp.fc2.weight', 'model.vision_tower.vision_tower.vision_model.encoder.layers.11.layer_norm1.bias', 'model.vision_tower.vision_tower.vision_model.encoder.layers.10.mlp.fc1.bias', 'model.vision_tower.vision_tower.vision_model.encoder.layers.3.self_attn.out_proj.bias', 'model.vision_tower.vision_tower.vision_model.encoder.layers.22.mlp.fc2.bias', 'model.vision_tower.vision_tower.vision_model.encoder.layers.16.mlp.fc1.bias', 'model.vision_tower.vision_tower.vision_model.encoder.layers.3.self_attn.q_proj.weight', 'model.vision_tower.vision_tower.vision_model.encoder.layers.8.layer_norm1.bias', 'model.vision_tower.vision_tower.vision_model.encoder.layers.2.self_attn.v_proj.weight', 'model.vision_tower.vision_tower.vision_model.encoder.layers.15.layer_norm2.weight', 'model.vision_tower.vision_tower.vision_model.encoder.layers.2.layer_norm2.weight', 'model.vision_tower.vision_tower.vision_model.encoder.layers.5.self_attn.v_proj.bias', 'model.vision_tower.vision_tower.vision_model.encoder.layers.20.self_attn.q_proj.weight', 'model.vision_tower.vision_tower.vision_model.encoder.layers.14.self_attn.k_proj.weight', 'model.vision_tower.vision_tower.vision_model.encoder.layers.23.layer_norm1.weight', 'model.vision_tower.vision_tower.vision_model.encoder.layers.20.mlp.fc1.weight', 'model.vision_tower.vision_tower.vision_model.encoder.layers.21.layer_norm1.weight', 'model.vision_tower.vision_tower.vision_model.encoder.layers.13.mlp.fc2.weight', 'model.vision_tower.vision_tower.vision_model.encoder.layers.8.layer_norm2.weight', 'model.vision_tower.vision_tower.vision_model.encoder.layers.9.self_attn.q_proj.bias', 'model.vision_tower.vision_tower.vision_model.encoder.layers.22.layer_norm1.weight', 'model.vision_tower.vision_tower.vision_model.encoder.layers.16.mlp.fc2.weight', 'model.vision_tower.vision_tower.vision_model.encoder.layers.7.self_attn.v_proj.bias', 'model.vision_tower.vision_tower.vision_model.encoder.layers.0.self_attn.out_proj.weight', 'model.vision_tower.vision_tower.vision_model.encoder.layers.1.self_attn.v_proj.weight', 'model.vision_tower.vision_tower.vision_model.encoder.layers.22.self_attn.k_proj.weight', 'model.vision_tower.vision_tower.vision_model.encoder.layers.9.mlp.fc1.bias', 'model.vision_tower.vision_tower.vision_model.post_layernorm.weight', 'model.vision_tower.vision_tower.vision_model.encoder.layers.18.layer_norm2.weight', 'model.vision_tower.vision_tower.vision_model.encoder.layers.11.layer_norm2.weight', 'model.vision_tower.vision_tower.vision_model.encoder.layers.19.self_attn.v_proj.weight', 'model.vision_tower.vision_tower.vision_model.encoder.layers.13.self_attn.q_proj.weight', 'model.vision_tower.vision_tower.vision_model.encoder.layers.2.mlp.fc1.bias', 'model.vision_tower.vision_tower.vision_model.encoder.layers.19.self_attn.q_proj.bias', 'model.vision_tower.vision_tower.vision_model.encoder.layers.21.layer_norm2.bias', 'model.vision_tower.vision_tower.vision_model.encoder.layers.6.self_attn.v_proj.bias', 'model.vision_tower.vision_tower.vision_model.encoder.layers.17.mlp.fc2.bias', 'model.vision_tower.vision_tower.vision_model.encoder.layers.5.layer_norm2.bias', 'model.vision_tower.vision_tower.vision_model.encoder.layers.20.layer_norm2.bias', 'model.vision_tower.vision_tower.vision_model.encoder.layers.19.mlp.fc2.weight', 'model.vision_tower.vision_tower.vision_model.encoder.layers.17.mlp.fc1.bias', 'model.vision_tower.vision_tower.vision_model.encoder.layers.20.mlp.fc2.bias', 'model.vision_tower.vision_tower.vision_model.encoder.layers.7.self_attn.out_proj.weight', 'model.vision_tower.vision_tower.vision_model.encoder.layers.22.self_attn.out_proj.bias', 'model.vision_tower.vision_tower.vision_model.encoder.layers.10.self_attn.v_proj.weight', 'model.vision_tower.vision_tower.vision_model.encoder.layers.18.self_attn.q_proj.weight', 'model.vision_tower.vision_tower.vision_model.encoder.layers.18.mlp.fc1.bias', 'model.vision_tower.vision_tower.vision_model.encoder.layers.21.self_attn.out_proj.weight', 'model.vision_tower.vision_tower.vision_model.encoder.layers.7.layer_norm1.bias', 'model.vision_tower.vision_tower.vision_model.encoder.layers.11.layer_norm2.bias', 'model.vision_tower.vision_tower.vision_model.encoder.layers.13.self_attn.out_proj.weight', 'model.vision_tower.vision_tower.vision_model.encoder.layers.8.layer_norm1.weight', 'model.vision_tower.vision_tower.vision_model.encoder.layers.2.layer_norm1.bias', 'model.vision_tower.vision_tower.vision_model.encoder.layers.19.self_attn.out_proj.weight', 'model.vision_tower.vision_tower.vision_model.encoder.layers.10.layer_norm2.weight', 'model.vision_tower.vision_tower.vision_model.encoder.layers.15.layer_norm2.bias', 'model.vision_tower.vision_tower.vision_model.encoder.layers.20.self_attn.k_proj.weight', 'model.vision_tower.vision_tower.vision_model.encoder.layers.0.mlp.fc2.weight', 'model.vision_tower.vision_tower.vision_model.encoder.layers.9.layer_norm1.bias', 'model.vision_tower.vision_tower.vision_model.encoder.layers.19.layer_norm1.bias', 'model.vision_tower.vision_tower.vision_model.encoder.layers.2.mlp.fc1.weight', 'model.vision_tower.vision_tower.vision_model.encoder.layers.4.mlp.fc1.weight', 'model.vision_tower.vision_tower.vision_model.encoder.layers.22.self_attn.v_proj.weight', 'model.vision_tower.vision_tower.vision_model.encoder.layers.15.self_attn.q_proj.weight', 'model.vision_tower.vision_tower.vision_model.encoder.layers.18.self_attn.out_proj.bias', 'model.vision_tower.vision_tower.vision_model.encoder.layers.18.self_attn.v_proj.weight', 'model.vision_tower.vision_tower.vision_model.encoder.layers.7.mlp.fc2.bias', 'model.vision_tower.vision_tower.vision_model.encoder.layers.17.self_attn.q_proj.weight', 'model.vision_tower.vision_tower.vision_model.encoder.layers.22.mlp.fc1.bias', 'model.vision_tower.vision_tower.vision_model.encoder.layers.5.layer_norm2.weight', 'model.vision_tower.vision_tower.vision_model.encoder.layers.6.layer_norm1.weight', 'model.vision_tower.vision_tower.vision_model.encoder.layers.10.layer_norm1.weight', 'model.vision_tower.vision_tower.vision_model.encoder.layers.12.self_attn.v_proj.weight', 'model.vision_tower.vision_tower.vision_model.encoder.layers.6.mlp.fc1.weight', 'model.vision_tower.vision_tower.vision_model.encoder.layers.1.mlp.fc1.weight', 'model.vision_tower.vision_tower.vision_model.encoder.layers.18.self_attn.q_proj.bias', 'model.vision_tower.vision_tower.vision_model.encoder.layers.8.self_attn.out_proj.bias', 'model.vision_tower.vision_tower.vision_model.encoder.layers.13.self_attn.out_proj.bias', 'model.vision_tower.vision_tower.vision_model.encoder.layers.17.self_attn.k_proj.weight', 'model.vision_tower.vision_tower.vision_model.encoder.layers.5.self_attn.out_proj.weight', 'model.vision_tower.vision_tower.vision_model.encoder.layers.16.self_attn.out_proj.bias', 'model.vision_tower.vision_tower.vision_model.encoder.layers.23.mlp.fc1.bias', 'model.vision_tower.vision_tower.vision_model.encoder.layers.3.layer_norm1.weight', 'model.vision_tower.vision_tower.vision_model.embeddings.class_embedding', 'model.vision_tower.vision_tower.vision_model.encoder.layers.17.self_attn.v_proj.bias', 'model.vision_tower.vision_tower.vision_model.encoder.layers.15.self_attn.v_proj.bias', 'model.vision_tower.vision_tower.vision_model.encoder.layers.8.mlp.fc1.bias', 'model.vision_tower.vision_tower.vision_model.encoder.layers.6.self_attn.k_proj.weight', 'model.vision_tower.vision_tower.vision_model.encoder.layers.6.layer_norm2.weight', 'model.vision_tower.vision_tower.vision_model.encoder.layers.10.self_attn.out_proj.weight', 'model.vision_tower.vision_tower.vision_model.encoder.layers.16.layer_norm1.bias', 'model.vision_tower.vision_tower.vision_model.encoder.layers.12.self_attn.q_proj.bias', 'model.vision_tower.vision_tower.vision_model.encoder.layers.16.self_attn.k_proj.bias', 'model.vision_tower.vision_tower.vision_model.encoder.layers.7.self_attn.k_proj.bias', 'model.vision_tower.vision_tower.vision_model.encoder.layers.18.layer_norm1.bias', 'model.vision_tower.vision_tower.vision_model.encoder.layers.4.self_attn.k_proj.bias', 'model.vision_tower.vision_tower.vision_model.encoder.layers.5.self_attn.out_proj.bias', 'model.vision_tower.vision_tower.vision_model.encoder.layers.23.mlp.fc2.bias', 'model.vision_tower.vision_tower.vision_model.encoder.layers.11.self_attn.q_proj.weight', 'model.vision_tower.vision_tower.vision_model.encoder.layers.15.mlp.fc2.bias', 'model.vision_tower.vision_tower.vision_model.encoder.layers.9.self_attn.v_proj.bias', 'model.vision_tower.vision_tower.vision_model.encoder.layers.12.layer_norm1.bias', 'model.vision_tower.vision_tower.vision_model.encoder.layers.19.layer_norm1.weight', 'model.vision_tower.vision_tower.vision_model.encoder.layers.1.self_attn.k_proj.bias', 'model.vision_tower.vision_tower.vision_model.encoder.layers.13.layer_norm1.weight', 'model.vision_tower.vision_tower.vision_model.encoder.layers.1.mlp.fc2.weight', 'model.vision_tower.vision_tower.vision_model.encoder.layers.0.self_attn.q_proj.bias', 'model.vision_tower.vision_tower.vision_model.encoder.layers.12.layer_norm1.weight', 'model.vision_tower.vision_tower.vision_model.encoder.layers.23.self_attn.v_proj.weight', 'model.vision_tower.vision_tower.vision_model.encoder.layers.0.layer_norm2.bias', 'model.vision_tower.vision_tower.vision_model.encoder.layers.9.mlp.fc2.weight', 'model.vision_tower.vision_tower.vision_model.encoder.layers.20.layer_norm2.weight', 'model.vision_tower.vision_tower.vision_model.encoder.layers.14.self_attn.q_proj.bias', 'model.vision_tower.vision_tower.vision_model.encoder.layers.8.self_attn.k_proj.bias', 'model.vision_tower.vision_tower.vision_model.encoder.layers.2.self_attn.k_proj.weight', 'model.vision_tower.vision_tower.vision_model.encoder.layers.4.layer_norm2.weight', 'model.vision_tower.vision_tower.vision_model.encoder.layers.5.layer_norm1.bias', 'model.vision_tower.vision_tower.vision_model.encoder.layers.7.layer_norm1.weight', 'model.vision_tower.vision_tower.vision_model.encoder.layers.5.mlp.fc1.bias', 'model.vision_tower.vision_tower.vision_model.encoder.layers.23.self_attn.k_proj.weight', 'model.vision_tower.vision_tower.vision_model.encoder.layers.12.mlp.fc2.weight', 'model.vision_tower.vision_tower.vision_model.encoder.layers.19.self_attn.out_proj.bias', 'model.vision_tower.vision_tower.vision_model.encoder.layers.6.layer_norm2.bias', 'model.vision_tower.vision_tower.vision_model.encoder.layers.8.layer_norm2.bias', 'model.vision_tower.vision_tower.vision_model.encoder.layers.20.mlp.fc2.weight', 'model.vision_tower.vision_tower.vision_model.encoder.layers.23.self_attn.q_proj.weight', 'model.vision_tower.vision_tower.vision_model.encoder.layers.0.self_attn.k_proj.weight', 'model.vision_tower.vision_tower.vision_model.encoder.layers.7.layer_norm2.bias', 'model.vision_tower.vision_tower.vision_model.encoder.layers.1.self_attn.out_proj.weight', 'model.vision_tower.vision_tower.vision_model.encoder.layers.1.self_attn.q_proj.weight', 'model.vision_tower.vision_tower.vision_model.encoder.layers.23.self_attn.v_proj.bias', 'model.vision_tower.vision_tower.vision_model.encoder.layers.21.self_attn.q_proj.bias', 'model.vision_tower.vision_tower.vision_model.encoder.layers.8.self_attn.q_proj.weight', 'model.vision_tower.vision_tower.vision_model.encoder.layers.15.self_attn.v_proj.weight', 'model.vision_tower.vision_tower.vision_model.encoder.layers.9.self_attn.out_proj.weight', 'model.vision_tower.vision_tower.vision_model.encoder.layers.12.layer_norm2.bias', 'model.vision_tower.vision_tower.vision_model.encoder.layers.0.self_attn.out_proj.bias', 'model.vision_tower.vision_tower.vision_model.encoder.layers.22.layer_norm1.bias', 'model.vision_tower.vision_tower.vision_model.encoder.layers.22.layer_norm2.weight', 'model.vision_tower.vision_tower.vision_model.encoder.layers.14.mlp.fc1.weight', 'model.vision_tower.vision_tower.vision_model.encoder.layers.17.mlp.fc1.weight', 'model.vision_tower.vision_tower.vision_model.encoder.layers.12.self_attn.k_proj.bias', 'model.vision_tower.vision_tower.vision_model.encoder.layers.9.mlp.fc2.bias', 'model.vision_tower.vision_tower.vision_model.encoder.layers.15.mlp.fc2.weight', 'model.vision_tower.vision_tower.vision_model.encoder.layers.7.self_attn.k_proj.weight', 'model.vision_tower.vision_tower.vision_model.encoder.layers.23.layer_norm2.bias', 'model.vision_tower.vision_tower.vision_model.encoder.layers.7.mlp.fc1.bias', 'model.vision_tower.vision_tower.vision_model.encoder.layers.17.self_attn.v_proj.weight', 'model.vision_tower.vision_tower.vision_model.encoder.layers.0.mlp.fc1.weight', 'model.vision_tower.vision_tower.vision_model.encoder.layers.2.self_attn.out_proj.bias', 'model.vision_tower.vision_tower.vision_model.encoder.layers.21.self_attn.k_proj.bias', 'model.vision_tower.vision_tower.vision_model.encoder.layers.3.layer_norm2.bias', 'model.vision_tower.vision_tower.vision_model.encoder.layers.19.mlp.fc1.weight', 'model.vision_tower.vision_tower.vision_model.encoder.layers.3.layer_norm1.bias', 'model.vision_tower.vision_tower.vision_model.encoder.layers.8.mlp.fc1.weight', 'model.vision_tower.vision_tower.vision_model.encoder.layers.3.mlp.fc2.bias', 'model.vision_tower.vision_tower.vision_model.encoder.layers.10.self_attn.k_proj.bias', 'model.vision_tower.vision_tower.vision_model.encoder.layers.20.self_attn.v_proj.bias', 'model.vision_tower.vision_tower.vision_model.encoder.layers.16.self_attn.k_proj.weight', 'model.vision_tower.vision_tower.vision_model.encoder.layers.23.mlp.fc1.weight', 'model.vision_tower.vision_tower.vision_model.encoder.layers.3.mlp.fc1.bias', 'model.vision_tower.vision_tower.vision_model.encoder.layers.7.self_attn.q_proj.weight', 'model.vision_tower.vision_tower.vision_model.encoder.layers.20.self_attn.k_proj.bias', 'model.vision_tower.vision_tower.vision_model.encoder.layers.11.self_attn.k_proj.weight', 'model.vision_tower.vision_tower.vision_model.encoder.layers.16.layer_norm2.bias', 'model.vision_tower.vision_tower.vision_model.encoder.layers.8.self_attn.q_proj.bias', 'model.vision_tower.vision_tower.vision_model.encoder.layers.14.self_attn.out_proj.weight', 'model.vision_tower.vision_tower.vision_model.pre_layrnorm.weight', 'model.vision_tower.vision_tower.vision_model.encoder.layers.18.layer_norm2.bias', 'model.vision_tower.vision_tower.vision_model.encoder.layers.2.mlp.fc2.bias', 'model.vision_tower.vision_tower.vision_model.encoder.layers.9.self_attn.out_proj.bias', 'model.vision_tower.vision_tower.vision_model.encoder.layers.0.mlp.fc1.bias', 'model.vision_tower.vision_tower.vision_model.encoder.layers.6.mlp.fc1.bias', 'model.vision_tower.vision_tower.vision_model.encoder.layers.14.mlp.fc1.bias', 'model.vision_tower.vision_tower.vision_model.encoder.layers.6.mlp.fc2.bias', 'model.vision_tower.vision_tower.vision_model.encoder.layers.7.self_attn.out_proj.bias', 'model.vision_tower.vision_tower.vision_model.encoder.layers.7.self_attn.v_proj.weight', 'model.vision_tower.vision_tower.vision_model.encoder.layers.22.layer_norm2.bias', 'model.vision_tower.vision_tower.vision_model.encoder.layers.15.mlp.fc1.bias', 'model.vision_tower.vision_tower.vision_model.encoder.layers.4.self_attn.q_proj.weight', 'model.vision_tower.vision_tower.vision_model.encoder.layers.13.self_attn.k_proj.bias', 'model.vision_tower.vision_tower.vision_model.encoder.layers.4.self_attn.v_proj.bias', 'model.vision_tower.vision_tower.vision_model.encoder.layers.4.self_attn.k_proj.weight', 'model.vision_tower.vision_tower.vision_model.encoder.layers.5.self_attn.q_proj.bias', 'model.vision_tower.vision_tower.vision_model.encoder.layers.14.self_attn.v_proj.weight', 'model.vision_tower.vision_tower.vision_model.encoder.layers.19.layer_norm2.weight', 'model.vision_tower.vision_tower.vision_model.encoder.layers.6.self_attn.v_proj.weight', 'model.vision_tower.vision_tower.vision_model.encoder.layers.13.self_attn.k_proj.weight', 'model.vision_tower.vision_tower.vision_model.encoder.layers.0.layer_norm1.bias', 'model.vision_tower.vision_tower.vision_model.encoder.layers.8.mlp.fc2.bias', 'model.vision_tower.vision_tower.vision_model.encoder.layers.18.self_attn.k_proj.bias', 'model.vision_tower.vision_tower.vision_model.encoder.layers.13.self_attn.q_proj.bias', 'model.vision_tower.vision_tower.vision_model.encoder.layers.9.self_attn.k_proj.bias', 'model.vision_tower.vision_tower.vision_model.encoder.layers.12.mlp.fc2.bias', 'model.vision_tower.vision_tower.vision_model.encoder.layers.11.mlp.fc1.bias', 'model.vision_tower.vision_tower.vision_model.encoder.layers.2.layer_norm1.weight', 'model.vision_tower.vision_tower.vision_model.encoder.layers.14.self_attn.q_proj.weight', 'model.vision_tower.vision_tower.vision_model.encoder.layers.14.layer_norm2.weight', 'model.vision_tower.vision_tower.vision_model.encoder.layers.16.self_attn.v_proj.bias', 'model.vision_tower.vision_tower.vision_model.encoder.layers.18.mlp.fc2.bias', 'model.vision_tower.vision_tower.vision_model.encoder.layers.14.self_attn.v_proj.bias', 'model.vision_tower.vision_tower.vision_model.embeddings.patch_embedding.weight', 'model.vision_tower.vision_tower.vision_model.encoder.layers.14.mlp.fc2.bias', 'model.vision_tower.vision_tower.vision_model.encoder.layers.18.self_attn.out_proj.weight', 'model.vision_tower.vision_tower.vision_model.encoder.layers.19.self_attn.k_proj.bias', 'model.vision_tower.vision_tower.vision_model.encoder.layers.5.mlp.fc2.weight', 'model.vision_tower.vision_tower.vision_model.encoder.layers.2.self_attn.out_proj.weight', 'model.vision_tower.vision_tower.vision_model.encoder.layers.10.mlp.fc1.weight', 'model.vision_tower.vision_tower.vision_model.encoder.layers.22.self_attn.out_proj.weight', 'model.vision_tower.vision_tower.vision_model.encoder.layers.4.mlp.fc2.bias', 'model.vision_tower.vision_tower.vision_model.encoder.layers.0.layer_norm1.weight', 'model.vision_tower.vision_tower.vision_model.encoder.layers.11.self_attn.out_proj.weight', 'model.vision_tower.vision_tower.vision_model.encoder.layers.17.layer_norm1.weight', 'model.vision_tower.vision_tower.vision_model.encoder.layers.23.self_attn.out_proj.bias', 'model.vision_tower.vision_tower.vision_model.encoder.layers.10.self_attn.q_proj.bias', 'model.vision_tower.vision_tower.vision_model.encoder.layers.12.self_attn.q_proj.weight', 'model.vision_tower.vision_tower.vision_model.encoder.layers.13.mlp.fc1.bias', 'model.vision_tower.vision_tower.vision_model.encoder.layers.23.self_attn.q_proj.bias', 'model.vision_tower.vision_tower.vision_model.encoder.layers.13.mlp.fc2.bias', 'model.vision_tower.vision_tower.vision_model.encoder.layers.14.layer_norm1.bias', 'model.vision_tower.vision_tower.vision_model.encoder.layers.10.self_attn.v_proj.bias', 'model.vision_tower.vision_tower.vision_model.encoder.layers.11.self_attn.q_proj.bias', 'model.vision_tower.vision_tower.vision_model.encoder.layers.14.mlp.fc2.weight', 'model.vision_tower.vision_tower.vision_model.encoder.layers.3.self_attn.v_proj.bias', 'model.vision_tower.vision_tower.vision_model.encoder.layers.19.mlp.fc1.bias', 'model.vision_tower.vision_tower.vision_model.encoder.layers.16.self_attn.v_proj.weight', 'model.vision_tower.vision_tower.vision_model.encoder.layers.22.mlp.fc1.weight', 'model.vision_tower.vision_tower.vision_model.encoder.layers.5.self_attn.v_proj.weight', 'model.vision_tower.vision_tower.vision_model.encoder.layers.9.layer_norm2.bias', 'model.vision_tower.vision_tower.vision_model.encoder.layers.11.mlp.fc2.bias', 'model.vision_tower.vision_tower.vision_model.encoder.layers.3.self_attn.k_proj.bias', 'model.vision_tower.vision_tower.vision_model.encoder.layers.15.self_attn.out_proj.bias', 'model.vision_tower.vision_tower.vision_model.encoder.layers.4.layer_norm1.weight', 'model.vision_tower.vision_tower.vision_model.encoder.layers.2.self_attn.k_proj.bias', 'model.vision_tower.vision_tower.vision_model.encoder.layers.22.self_attn.q_proj.weight', 'model.vision_tower.vision_tower.vision_model.encoder.layers.19.self_attn.v_proj.bias', 'model.vision_tower.vision_tower.vision_model.encoder.layers.10.mlp.fc2.bias', 'model.vision_tower.vision_tower.vision_model.encoder.layers.12.self_attn.v_proj.bias', 'model.vision_tower.vision_tower.vision_model.encoder.layers.15.self_attn.q_proj.bias', 'model.vision_tower.vision_tower.vision_model.encoder.layers.1.self_attn.out_proj.bias', 'model.vision_tower.vision_tower.vision_model.encoder.layers.7.mlp.fc2.weight', 'model.vision_tower.vision_tower.vision_model.encoder.layers.21.self_attn.q_proj.weight', 'model.vision_tower.vision_tower.vision_model.encoder.layers.2.self_attn.q_proj.bias', 'model.vision_tower.vision_tower.vision_model.encoder.layers.8.self_attn.out_proj.weight', 'model.vision_tower.vision_tower.vision_model.encoder.layers.2.self_attn.v_proj.bias', 'model.vision_tower.vision_tower.vision_model.encoder.layers.10.self_attn.out_proj.bias', 'model.vision_tower.vision_tower.vision_model.encoder.layers.15.self_attn.k_proj.weight', 'model.vision_tower.vision_tower.vision_model.encoder.layers.17.self_attn.q_proj.bias', 'model.vision_tower.vision_tower.vision_model.encoder.layers.13.self_attn.v_proj.bias', 'model.vision_tower.vision_tower.vision_model.encoder.layers.6.self_attn.out_proj.bias', 'model.vision_tower.vision_tower.vision_model.encoder.layers.23.mlp.fc2.weight', 'model.vision_tower.vision_tower.vision_model.encoder.layers.11.self_attn.v_proj.weight', 'model.vision_tower.vision_tower.vision_model.encoder.layers.17.self_attn.k_proj.bias', 'model.vision_tower.vision_tower.vision_model.encoder.layers.8.mlp.fc2.weight', 'model.vision_tower.vision_tower.vision_model.encoder.layers.6.self_attn.out_proj.weight', 'model.vision_tower.vision_tower.vision_model.encoder.layers.5.mlp.fc2.bias', 'model.vision_tower.vision_tower.vision_model.encoder.layers.16.layer_norm2.weight', 'model.vision_tower.vision_tower.vision_model.encoder.layers.11.self_attn.k_proj.bias', 'model.vision_tower.vision_tower.vision_model.encoder.layers.9.mlp.fc1.weight', 'model.vision_tower.vision_tower.vision_model.encoder.layers.0.self_attn.v_proj.bias', 'model.vision_tower.vision_tower.vision_model.encoder.layers.20.layer_norm1.bias', 'model.vision_tower.vision_tower.vision_model.encoder.layers.1.layer_norm2.bias', 'model.vision_tower.vision_tower.vision_model.encoder.layers.13.mlp.fc1.weight', 'model.vision_tower.vision_tower.vision_model.post_layernorm.bias', 'model.vision_tower.vision_tower.vision_model.encoder.layers.21.layer_norm2.weight', 'model.vision_tower.vision_tower.vision_model.encoder.layers.9.layer_norm1.weight', 'model.vision_tower.vision_tower.vision_model.encoder.layers.20.mlp.fc1.bias', 'model.vision_tower.vision_tower.vision_model.encoder.layers.17.self_attn.out_proj.bias', 'model.vision_tower.vision_tower.vision_model.encoder.layers.17.layer_norm1.bias', 'model.vision_tower.vision_tower.vision_model.encoder.layers.13.layer_norm2.weight', 'model.vision_tower.vision_tower.vision_model.encoder.layers.8.self_attn.k_proj.weight', 'model.vision_tower.vision_tower.vision_model.encoder.layers.12.mlp.fc1.weight', 'model.vision_tower.vision_tower.vision_model.encoder.layers.1.layer_norm1.bias', 'model.vision_tower.vision_tower.vision_model.encoder.layers.22.self_attn.k_proj.bias', 'model.vision_tower.vision_tower.vision_model.encoder.layers.4.self_attn.v_proj.weight', 'model.vision_tower.vision_tower.vision_model.encoder.layers.22.mlp.fc2.weight']
- This IS expected if you are initializing LlavaLlamaForCausalLM from the checkpoint of a model trained on another task or with another architecture (e.g. initializing a BertForSequenceClassification model from a BertForPreTraining model).
- This IS NOT expected if you are initializing LlavaLlamaForCausalLM from the checkpoint of a model that you expect to be exactly identical (initializing a BertForSequenceClassification model from a BertForSequenceClassification model).
You are resizing the embedding layer without providing a `pad_to_multiple_of` parameter. This means that the new embeding dimension will be 32000. This might induce some performance reduction as *Tensor Cores* will not be available. For more details  about this, or help on choosing the correct value for resizing, refer to this guide: https://docs.nvidia.com/deeplearning/performance/dl-performance-matrix-multiplication/index.html#requirements-tc
📂 Loaded 264 slides to process from /data2/yuhaowang/processed_wsi/slidebench/split_name/slides_part1.txt
⏩ Skipping finished slide: 1
⏩ Skipping finished slide: 10
⏩ Skipping finished slide: 100
⏩ Skipping finished slide: 1000
⏩ Skipping finished slide: 1001
⏩ Skipping finished slide: 1002
⏩ Skipping finished slide: 1003
⏩ Skipping finished slide: 1004
⏩ Skipping finished slide: 1005
⏩ Skipping finished slide: 1006
⏩ Skipping finished slide: 1007
⏩ Skipping finished slide: 1008
⏩ Skipping finished slide: 1009
⏩ Skipping finished slide: 101
⏩ Skipping finished slide: 1010
⏩ Skipping finished slide: 1011
⏩ Skipping finished slide: 1012
⏩ Skipping finished slide: 1013
⏩ Skipping finished slide: 1014
⏩ Skipping finished slide: 1015
⏩ Skipping finished slide: 1016
⏩ Skipping finished slide: 1017
⏩ Skipping finished slide: 1018
⏩ Skipping finished slide: 1019
⏩ Skipping finished slide: 102
⏩ Skipping finished slide: 1020
⏩ Skipping finished slide: 1021
⏩ Skipping finished slide: 1022
⏩ Skipping finished slide: 1023
⏩ Skipping finished slide: 1024
⏩ Skipping finished slide: 1025
⏩ Skipping finished slide: 1026
⏩ Skipping finished slide: 1027
⏩ Skipping finished slide: 1028
⏩ Skipping finished slide: 1029
⏩ Skipping finished slide: 103
⏩ Skipping finished slide: 1030
⏩ Skipping finished slide: 1031
⏩ Skipping finished slide: 1032
⏩ Skipping finished slide: 1033
⏩ Skipping finished slide: 1034
⏩ Skipping finished slide: 1035
⏩ Skipping finished slide: 1036
⏩ Skipping finished slide: 1037
⏩ Skipping finished slide: 1038
⏩ Skipping finished slide: 1039
⏩ Skipping finished slide: 104
⏩ Skipping finished slide: 1040
⏩ Skipping finished slide: 1041
⏩ Skipping finished slide: 1042
⏩ Skipping finished slide: 1043
⏩ Skipping finished slide: 1044
⏩ Skipping finished slide: 1045
⏩ Skipping finished slide: 1046
⏩ Skipping finished slide: 1047
⏩ Skipping finished slide: 1048
⏩ Skipping finished slide: 1049
⏩ Skipping finished slide: 105
⏩ Skipping finished slide: 1050
⏩ Skipping finished slide: 1051
⏩ Skipping finished slide: 1052
⏩ Skipping finished slide: 1053
⏩ Skipping finished slide: 1054
⏩ Skipping finished slide: 1055
⏩ Skipping finished slide: 1056
⏩ Skipping finished slide: 1057
⏩ Skipping finished slide: 1058
⏩ Skipping finished slide: 106
⏩ Skipping finished slide: 107
⏩ Skipping finished slide: 108
⏩ Skipping finished slide: 109
⏩ Skipping finished slide: 11
⏩ Skipping finished slide: 110
⏩ Skipping finished slide: 111
⏩ Skipping finished slide: 112
⏩ Skipping finished slide: 113
⏩ Skipping finished slide: 114
⏩ Skipping finished slide: 115
⏩ Skipping finished slide: 116
⏩ Skipping finished slide: 117
⏩ Skipping finished slide: 118
⏩ Skipping finished slide: 119
⏩ Skipping finished slide: 12
⏩ Skipping finished slide: 120
⏩ Skipping finished slide: 121
⏩ Skipping finished slide: 122
⏩ Skipping finished slide: 123
⏩ Skipping finished slide: 124
⏩ Skipping finished slide: 125
⏩ Skipping finished slide: 126
⏩ Skipping finished slide: 127
⏩ Skipping finished slide: 128
⏩ Skipping finished slide: 129
⏩ Skipping finished slide: 13
⏩ Skipping finished slide: 130
⏩ Skipping finished slide: 131
⏩ Skipping finished slide: 132
⏩ Skipping finished slide: 133
⏩ Skipping finished slide: 134
⏩ Skipping finished slide: 135
⏩ Skipping finished slide: 136
⏩ Skipping finished slide: 137
⏩ Skipping finished slide: 138
⏩ Skipping finished slide: 139
⏩ Skipping finished slide: 14
⏩ Skipping finished slide: 140
⏩ Skipping finished slide: 141
⏩ Skipping finished slide: 142
⏩ Skipping finished slide: 143
⏩ Skipping finished slide: 144
⏩ Skipping finished slide: 145
⏩ Skipping finished slide: 146
⏩ Skipping finished slide: 147
⏩ Skipping finished slide: 148
⏩ Skipping finished slide: 149
⏩ Skipping finished slide: 15
⏩ Skipping finished slide: 150
⏩ Skipping finished slide: 151
⏩ Skipping finished slide: 152
⏩ Skipping finished slide: 153
⏩ Skipping finished slide: 154
⏩ Skipping finished slide: 155
⏩ Skipping finished slide: 156
⏩ Skipping finished slide: 157
⏩ Skipping finished slide: 158
⏩ Skipping finished slide: 159
⏩ Skipping finished slide: 16
⏩ Skipping finished slide: 160
⏩ Skipping finished slide: 161
⏩ Skipping finished slide: 162
⏩ Skipping finished slide: 163
⏩ Skipping finished slide: 164
⏩ Skipping finished slide: 165
⏩ Skipping finished slide: 166
⏩ Skipping finished slide: 167
⏩ Skipping finished slide: 168
⏩ Skipping finished slide: 169
⏩ Skipping finished slide: 17
⏩ Skipping finished slide: 170
⏩ Skipping finished slide: 171
⏩ Skipping finished slide: 172
⏩ Skipping finished slide: 173
⏩ Skipping finished slide: 174
⏩ Skipping finished slide: 175
⏩ Skipping finished slide: 176
⏩ Skipping finished slide: 177
⏩ Skipping finished slide: 178
⏩ Skipping finished slide: 179
⏩ Skipping finished slide: 18
⏩ Skipping finished slide: 180
⏩ Skipping finished slide: 181
⏩ Skipping finished slide: 182
⏩ Skipping finished slide: 183
⏩ Skipping finished slide: 184
⏩ Skipping finished slide: 185
⏩ Skipping finished slide: 186
⏩ Skipping finished slide: 187
⏩ Skipping finished slide: 188
⏩ Skipping finished slide: 189
⏩ Skipping finished slide: 19
⏩ Skipping finished slide: 190
⏩ Skipping finished slide: 191
⏩ Skipping finished slide: 192
⏩ Skipping finished slide: 193
⏩ Skipping finished slide: 194
⏩ Skipping finished slide: 195
⏩ Skipping finished slide: 196
⏩ Skipping finished slide: 197
⏩ Skipping finished slide: 198
⏩ Skipping finished slide: 199
⏩ Skipping finished slide: 2
⏩ Skipping finished slide: 20
⏩ Skipping finished slide: 200
⏩ Skipping finished slide: 201
⏩ Skipping finished slide: 202
⏩ Skipping finished slide: 203
⏩ Skipping finished slide: 204
⏩ Skipping finished slide: 205
⏩ Skipping finished slide: 206
⏩ Skipping finished slide: 207
⏩ Skipping finished slide: 208
⏩ Skipping finished slide: 209
⏩ Skipping finished slide: 21
⏩ Skipping finished slide: 210
⏩ Skipping finished slide: 211
⏩ Skipping finished slide: 212
⏩ Skipping finished slide: 213
⏩ Skipping finished slide: 214
⏩ Skipping finished slide: 215
⏩ Skipping finished slide: 216
⏩ Skipping finished slide: 217
⏩ Skipping finished slide: 218
⏩ Skipping finished slide: 219
⏩ Skipping finished slide: 22
⏩ Skipping finished slide: 220
⏩ Skipping finished slide: 221
⏩ Skipping finished slide: 222
⏩ Skipping finished slide: 223
⏩ Skipping finished slide: 224
⏩ Skipping finished slide: 225
⏩ Skipping finished slide: 226
⏩ Skipping finished slide: 227
⏩ Skipping finished slide: 228
⏩ Skipping finished slide: 229
⏩ Skipping finished slide: 23
⏩ Skipping finished slide: 230
⏩ Skipping finished slide: 231
⏩ Skipping finished slide: 232
⏩ Skipping finished slide: 233
⏩ Skipping finished slide: 234
⏩ Skipping finished slide: 235
⏩ Skipping finished slide: 236
⏩ Skipping finished slide: 237
⏩ Skipping finished slide: 238
⏩ Skipping finished slide: 239
⏩ Skipping finished slide: 24
⏩ Skipping finished slide: 240
⏩ Skipping finished slide: 241
⏩ Skipping finished slide: 242
⏩ Skipping finished slide: 243
⏩ Skipping finished slide: 244
⏩ Skipping finished slide: 245
⏩ Skipping finished slide: 246
⏩ Skipping finished slide: 247
⏩ Skipping finished slide: 248
⏩ Skipping finished slide: 249
⏩ Skipping finished slide: 25
⏩ Skipping finished slide: 250
⏩ Skipping finished slide: 251
⏩ Skipping finished slide: 252
⏩ Skipping finished slide: 253
⏩ Skipping finished slide: 254
⏩ Skipping finished slide: 255
⏩ Skipping finished slide: 256
⏩ Skipping finished slide: 257
⏩ Skipping finished slide: 258
⏩ Skipping finished slide: 259
⏩ Skipping finished slide: 26
⏩ Skipping finished slide: 260
⏩ Skipping finished slide: 261
⏩ Skipping finished slide: 262
⏩ Skipping finished slide: 263
⏩ Skipping finished slide: 264
⏩ Skipping finished slide: 265
⏩ Skipping finished slide: 266
⏩ Skipping finished slide: 267
⏩ Skipping finished slide: 268
⏩ Skipping finished slide: 269
⏩ Skipping finished slide: 27
⏩ Skipping finished slide: 270
⏩ Skipping finished slide: 271
⏩ Skipping finished slide: 272
⏩ Skipping finished slide: 273
⏩ Skipping finished slide: 274
⏩ Skipping finished slide: 275
⏩ Skipping finished slide: 276
⏩ Skipping finished slide: 277
⏩ Skipping finished slide: 278
⏩ Skipping finished slide: 279
⏩ Skipping finished slide: 28
⏩ Skipping finished slide: 280
⏩ Skipping finished slide: 281
⏩ Skipping finished slide: 282
⏩ Skipping finished slide: 283
